#
# There is insufficient memory for the Java Runtime Environment to continue.
# Native memory allocation (malloc) failed to allocate 1032896 bytes for Chunk::new
# Possible reasons:
#   The system is out of physical RAM or swap space
#   The process is running with CompressedOops enabled, and the Java Heap may be blocking the growth of the native heap
# Possible solutions:
#   Reduce memory load on the system
#   Increase physical memory or swap space
#   Check if swap backing store is full
#   Decrease Java heap size (-Xmx/-Xms)
#   Decrease number of Java threads
#   Decrease Java thread stack sizes (-Xss)
#   Set larger code cache with -XX:ReservedCodeCacheSize=
#   JVM is running with Unscaled Compressed Oops mode in which the Java heap is
#     placed in the first 4GB address space. The Java Heap base address is the
#     maximum limit for the native heap growth. Please use -XX:HeapBaseMinAddress
#     to set the Java Heap base and to place the Java Heap above 4GB virtual address.
# This output file may be truncated or incomplete.
#
#  Out of Memory Error (./src/hotspot/share/memory/arena.cpp:197), pid=17600, tid=23288
#
# JRE version: OpenJDK Runtime Environment (11.0.10) (build 11.0.10+0-b96-7249189)
# Java VM: OpenJDK 64-Bit Server VM (11.0.10+0-b96-7249189, mixed mode, tiered, compressed oops, g1 gc, windows-amd64)
# No core dump will be written. Minidumps are not enabled by default on client versions of Windows
#

---------------  S U M M A R Y ------------

Command Line: --add-opens=java.base/java.util=ALL-UNNAMED --add-opens=java.base/java.lang=ALL-UNNAMED --add-opens=java.base/java.lang.invoke=ALL-UNNAMED --add-opens=java.base/java.util=ALL-UNNAMED --add-opens=java.prefs/java.util.prefs=ALL-UNNAMED --add-opens=java.prefs/java.util.prefs=ALL-UNNAMED --add-opens=java.base/java.nio.charset=ALL-UNNAMED --add-opens=java.base/java.net=ALL-UNNAMED --add-opens=java.base/java.util.concurrent.atomic=ALL-UNNAMED -Xmx2048m -Dfile.encoding=UTF-8 -Duser.country=FR -Duser.language=fr -Duser.variant org.gradle.launcher.daemon.bootstrap.GradleDaemon 7.0.2

Host: Intel(R) Core(TM) i5-10300H CPU @ 2.50GHz, 8 cores, 15G,  Windows 10 , 64 bit Build 19041 (10.0.19041.1645)
Time: Sat May  7 14:49:37 2022 Afr. centrale Ouest elapsed time: 20.127757 seconds (0d 0h 0m 20s)

---------------  T H R E A D  ---------------

Current thread (0x000001e362f73000):  JavaThread "C2 CompilerThread0" daemon [_thread_in_native, id=23288, stack(0x0000007d96f00000,0x0000007d97000000)]


Current CompileTask:
C2:  20127 8185       4       java.lang.String::split (324 bytes)

Stack: [0x0000007d96f00000,0x0000007d97000000]
Native frames: (J=compiled Java code, j=interpreted, Vv=VM code, C=native code)
V  [jvm.dll+0x5ecfaa]
V  [jvm.dll+0x722bd5]
V  [jvm.dll+0x72412d]
V  [jvm.dll+0x7247e3]
V  [jvm.dll+0x242928]
V  [jvm.dll+0xbc4fc]
V  [jvm.dll+0xbca0c]
V  [jvm.dll+0x2b4fd4]
V  [jvm.dll+0x506028]
V  [jvm.dll+0x203253]
V  [jvm.dll+0x1fd07c]
V  [jvm.dll+0x1fa77f]
V  [jvm.dll+0x18354c]
V  [jvm.dll+0x208ee7]
V  [jvm.dll+0x207731]
V  [jvm.dll+0x6eb1cf]
V  [jvm.dll+0x6e3d45]
V  [jvm.dll+0x5ebe96]
C  [ucrtbase.dll+0x21bb2]
C  [KERNEL32.DLL+0x17034]
C  [ntdll.dll+0x52651]


---------------  P R O C E S S  ---------------

Threads class SMR info:
_java_thread_list=0x000001e3658bc790, length=60, elements={
0x000001e34822e000, 0x000001e362f03800, 0x000001e362f04800, 0x000001e362f66800,
0x000001e362f67800, 0x000001e362f6a000, 0x000001e362f73000, 0x000001e362f74800,
0x000001e362f78000, 0x000001e3630ef000, 0x000001e3630ec800, 0x000001e3630f1800,
0x000001e3630ed800, 0x000001e3630ef800, 0x000001e3630ee000, 0x000001e3630f0800,
0x000001e3630f2000, 0x000001e3630f3000, 0x000001e36664e800, 0x000001e36664d800,
0x000001e36664d000, 0x000001e36664b000, 0x000001e36664a800, 0x000001e36664f800,
0x000001e366650000, 0x000001e36664c000, 0x000001e366651000, 0x000001e36646d000,
0x000001e36646c800, 0x000001e366473800, 0x000001e36646e800, 0x000001e36646e000,
0x000001e366472000, 0x000001e36646f800, 0x000001e366470800, 0x000001e366471000,
0x000001e36647a000, 0x000001e366475800, 0x000001e366476000, 0x000001e36647b000,
0x000001e366477800, 0x000001e366477000, 0x000001e366478800, 0x000001e366479800,
0x000001e3660b9000, 0x000001e3660b5000, 0x000001e3660b7800, 0x000001e3660b6000,
0x000001e3660b6800, 0x000001e3660b8800, 0x000001e3660ba000, 0x000001e3660ba800,
0x000001e363d82000, 0x000001e363d83000, 0x000001e363d81800, 0x000001e363d87000,
0x000001e363d88000, 0x000001e363d84000, 0x000001e363d86800, 0x000001e363d84800
}

Java Threads: ( => current thread )
  0x000001e34822e000 JavaThread "main" [_thread_blocked, id=3708, stack(0x0000007d96300000,0x0000007d96400000)]
  0x000001e362f03800 JavaThread "Reference Handler" daemon [_thread_blocked, id=24104, stack(0x0000007d96a00000,0x0000007d96b00000)]
  0x000001e362f04800 JavaThread "Finalizer" daemon [_thread_blocked, id=23700, stack(0x0000007d96b00000,0x0000007d96c00000)]
  0x000001e362f66800 JavaThread "Signal Dispatcher" daemon [_thread_blocked, id=23312, stack(0x0000007d96c00000,0x0000007d96d00000)]
  0x000001e362f67800 JavaThread "Attach Listener" daemon [_thread_blocked, id=26588, stack(0x0000007d96d00000,0x0000007d96e00000)]
  0x000001e362f6a000 JavaThread "Service Thread" daemon [_thread_blocked, id=9332, stack(0x0000007d96e00000,0x0000007d96f00000)]
=>0x000001e362f73000 JavaThread "C2 CompilerThread0" daemon [_thread_in_native, id=23288, stack(0x0000007d96f00000,0x0000007d97000000)]
  0x000001e362f74800 JavaThread "C1 CompilerThread0" daemon [_thread_in_native, id=13560, stack(0x0000007d97000000,0x0000007d97100000)]
  0x000001e362f78000 JavaThread "Sweeper thread" daemon [_thread_blocked, id=6404, stack(0x0000007d97100000,0x0000007d97200000)]
  0x000001e3630ef000 JavaThread "Common-Cleaner" daemon [_thread_blocked, id=10924, stack(0x0000007d97200000,0x0000007d97300000)]
  0x000001e3630ec800 JavaThread "Daemon health stats" [_thread_in_Java, id=2180, stack(0x0000007d97b00000,0x0000007d97c00000)]
  0x000001e3630f1800 JavaThread "Incoming local TCP Connector on port 55421" [_thread_in_native, id=24380, stack(0x0000007d97a00000,0x0000007d97b00000)]
  0x000001e3630ed800 JavaThread "Daemon periodic checks" [_thread_blocked, id=17056, stack(0x0000007d97c00000,0x0000007d97d00000)]
  0x000001e3630ef800 JavaThread "Daemon" [_thread_blocked, id=14128, stack(0x0000007d97d00000,0x0000007d97e00000)]
  0x000001e3630ee000 JavaThread "Handler for socket connection from /127.0.0.1:55421 to /127.0.0.1:55422" [_thread_in_native, id=26216, stack(0x0000007d97e00000,0x0000007d97f00000)]
  0x000001e3630f0800 JavaThread "Cancel handler" [_thread_blocked, id=17864, stack(0x0000007d97f00000,0x0000007d98000000)]
  0x000001e3630f2000 JavaThread "Daemon worker" [_thread_blocked, id=24432, stack(0x0000007d98000000,0x0000007d98100000)]
  0x000001e3630f3000 JavaThread "Asynchronous log dispatcher for DefaultDaemonConnection: socket connection from /127.0.0.1:55421 to /127.0.0.1:55422" [_thread_blocked, id=17072, stack(0x0000007d98100000,0x0000007d98200000)]
  0x000001e36664e800 JavaThread "Stdin handler" [_thread_blocked, id=25900, stack(0x0000007d98200000,0x0000007d98300000)]
  0x000001e36664d800 JavaThread "Daemon client event forwarder" [_thread_blocked, id=12948, stack(0x0000007d98300000,0x0000007d98400000)]
  0x000001e36664d000 JavaThread "Cache worker for file hash cache (C:\Users\yassine derbel\.gradle\wrapper\dists\gradle-7.0.2-bin\857tjihv64xamwrf0h14cai3r\gradle-7.0.2\caches\7.0.2\fileHashes)" [_thread_blocked, id=10980, stack(0x0000007d98400000,0x0000007d98500000)]
  0x000001e36664b000 JavaThread "File lock request listener" [_thread_in_native, id=25340, stack(0x0000007d98500000,0x0000007d98600000)]
  0x000001e36664a800 JavaThread "Cache worker for journal cache (C:\Users\yassine derbel\.gradle\wrapper\dists\gradle-7.0.2-bin\857tjihv64xamwrf0h14cai3r\gradle-7.0.2\caches\journal-1)" [_thread_blocked, id=7348, stack(0x0000007d98900000,0x0000007d98a00000)]
  0x000001e36664f800 JavaThread "Cache worker for file hash cache (C:\Users\yassine derbel\AugmentedMe\.gradle\7.0.2\fileHashes)" [_thread_blocked, id=7500, stack(0x0000007d98a00000,0x0000007d98b00000)]
  0x000001e366650000 JavaThread "File watcher server" daemon [_thread_in_native, id=24884, stack(0x0000007d98b00000,0x0000007d98c00000)]
  0x000001e36664c000 JavaThread "File watcher consumer" daemon [_thread_blocked, id=1560, stack(0x0000007d98c00000,0x0000007d98d00000)]
  0x000001e366651000 JavaThread "Cache worker for checksums cache (C:\Users\yassine derbel\AugmentedMe\.gradle\checksums)" [_thread_blocked, id=6112, stack(0x0000007d98d00000,0x0000007d98e00000)]
  0x000001e36646d000 JavaThread "Cache worker for cache directory md-supplier (C:\Users\yassine derbel\.gradle\wrapper\dists\gradle-7.0.2-bin\857tjihv64xamwrf0h14cai3r\gradle-7.0.2\caches\7.0.2\md-supplier)" [_thread_blocked, id=3764, stack(0x0000007d98e00000,0x0000007d98f00000)]
  0x000001e36646c800 JavaThread "Cache worker for cache directory md-rule (C:\Users\yassine derbel\.gradle\wrapper\dists\gradle-7.0.2-bin\857tjihv64xamwrf0h14cai3r\gradle-7.0.2\caches\7.0.2\md-rule)" [_thread_blocked, id=17372, stack(0x0000007d98f00000,0x0000007d99000000)]
  0x000001e366473800 JavaThread "Cache worker for execution history cache (C:\Users\yassine derbel\.gradle\wrapper\dists\gradle-7.0.2-bin\857tjihv64xamwrf0h14cai3r\gradle-7.0.2\caches\7.0.2\executionHistory)" [_thread_blocked, id=3336, stack(0x0000007d99100000,0x0000007d99200000)]
  0x000001e36646e800 JavaThread "jar transforms" [_thread_blocked, id=13408, stack(0x0000007d99200000,0x0000007d99300000)]
  0x000001e36646e000 JavaThread "jar transforms Thread 2" [_thread_blocked, id=16784, stack(0x0000007d99300000,0x0000007d99400000)]
  0x000001e366472000 JavaThread "Cache worker for file content cache (C:\Users\yassine derbel\.gradle\wrapper\dists\gradle-7.0.2-bin\857tjihv64xamwrf0h14cai3r\gradle-7.0.2\caches\7.0.2\fileContent)" [_thread_blocked, id=23788, stack(0x0000007d99400000,0x0000007d99500000)]
  0x000001e36646f800 JavaThread "Cache worker for dependencies-accessors (C:\Users\yassine derbel\AugmentedMe\.gradle\7.0.2\dependencies-accessors)" [_thread_blocked, id=2956, stack(0x0000007d99500000,0x0000007d99600000)]
  0x000001e366470800 JavaThread "jar transforms Thread 3" [_thread_blocked, id=22916, stack(0x0000007d99600000,0x0000007d99700000)]
  0x000001e366471000 JavaThread "Cache worker for Build Output Cleanup Cache (C:\Users\yassine derbel\AugmentedMe\.gradle\buildOutputCleanup)" [_thread_blocked, id=9864, stack(0x0000007d99700000,0x0000007d99800000)]
  0x000001e36647a000 JavaThread "Build operations" [_thread_blocked, id=13064, stack(0x0000007d99800000,0x0000007d99900000)]
  0x000001e366475800 JavaThread "Build operations Thread 2" [_thread_blocked, id=5656, stack(0x0000007d99900000,0x0000007d99a00000)]
  0x000001e366476000 JavaThread "Build operations Thread 3" [_thread_blocked, id=8032, stack(0x0000007d99a00000,0x0000007d99b00000)]
  0x000001e36647b000 JavaThread "Build operations Thread 4" [_thread_blocked, id=1356, stack(0x0000007d99b00000,0x0000007d99c00000)]
  0x000001e366477800 JavaThread "Build operations Thread 5" [_thread_blocked, id=5436, stack(0x0000007d99c00000,0x0000007d99d00000)]
  0x000001e366477000 JavaThread "Build operations Thread 6" [_thread_blocked, id=16892, stack(0x0000007d99d00000,0x0000007d99e00000)]
  0x000001e366478800 JavaThread "Build operations Thread 7" [_thread_blocked, id=14580, stack(0x0000007d99e00000,0x0000007d99f00000)]
  0x000001e366479800 JavaThread "Build operations Thread 8" [_thread_blocked, id=23000, stack(0x0000007d99f00000,0x0000007d9a000000)]
  0x000001e3660b9000 JavaThread "jar transforms Thread 4" [_thread_blocked, id=25816, stack(0x0000007d9a000000,0x0000007d9a100000)]
  0x000001e3660b5000 JavaThread "jar transforms Thread 5" [_thread_blocked, id=11816, stack(0x0000007d9a100000,0x0000007d9a200000)]
  0x000001e3660b7800 JavaThread "jar transforms Thread 6" [_thread_blocked, id=2492, stack(0x0000007d9a200000,0x0000007d9a300000)]
  0x000001e3660b6000 JavaThread "jar transforms Thread 7" [_thread_blocked, id=26200, stack(0x0000007d9a300000,0x0000007d9a400000)]
  0x000001e3660b6800 JavaThread "jar transforms Thread 8" [_thread_blocked, id=12200, stack(0x0000007d9a400000,0x0000007d9a500000)]
  0x000001e3660b8800 JavaThread "Memory manager" [_thread_blocked, id=6452, stack(0x0000007d9a500000,0x0000007d9a600000)]
  0x000001e3660ba000 JavaThread "build event listener" [_thread_blocked, id=13000, stack(0x0000007d9a600000,0x0000007d9a700000)]
  0x000001e3660ba800 JavaThread "build event listener" [_thread_blocked, id=2660, stack(0x0000007d97400000,0x0000007d97500000)]
  0x000001e363d82000 JavaThread "Execution worker for ':'" [_thread_blocked, id=24252, stack(0x0000007d99000000,0x0000007d99100000)]
  0x000001e363d83000 JavaThread "Execution worker for ':' Thread 2" [_thread_blocked, id=7148, stack(0x0000007d9a700000,0x0000007d9a800000)]
  0x000001e363d81800 JavaThread "Execution worker for ':' Thread 3" [_thread_blocked, id=14448, stack(0x0000007d9a800000,0x0000007d9a900000)]
  0x000001e363d87000 JavaThread "Execution worker for ':' Thread 4" [_thread_blocked, id=10680, stack(0x0000007d9a900000,0x0000007d9aa00000)]
  0x000001e363d88000 JavaThread "Execution worker for ':' Thread 5" [_thread_blocked, id=18572, stack(0x0000007d9aa00000,0x0000007d9ab00000)]
  0x000001e363d84000 JavaThread "Execution worker for ':' Thread 6" [_thread_in_Java, id=6140, stack(0x0000007d9ab00000,0x0000007d9ac00000)]
  0x000001e363d86800 JavaThread "Execution worker for ':' Thread 7" [_thread_blocked, id=12392, stack(0x0000007d9ac00000,0x0000007d9ad00000)]
  0x000001e363d84800 JavaThread "Cache worker for execution history cache (C:\Users\yassine derbel\AugmentedMe\.gradle\7.0.2\executionHistory)" [_thread_blocked, id=26044, stack(0x0000007d9ad00000,0x0000007d9ae00000)]

Other Threads:
  0x000001e362efe000 VMThread "VM Thread" [stack: 0x0000007d96900000,0x0000007d96a00000] [id=17872]
  0x000001e363105000 WatcherThread [stack: 0x0000007d97300000,0x0000007d97400000] [id=26012]
  0x000001e348245800 GCTaskThread "GC Thread#0" [stack: 0x0000007d96400000,0x0000007d96500000] [id=13904]
  0x000001e363676000 GCTaskThread "GC Thread#1" [stack: 0x0000007d97500000,0x0000007d97600000] [id=10676]
  0x000001e363828800 GCTaskThread "GC Thread#2" [stack: 0x0000007d97600000,0x0000007d97700000] [id=21784]
  0x000001e363b97000 GCTaskThread "GC Thread#3" [stack: 0x0000007d97700000,0x0000007d97800000] [id=1408]
  0x000001e363c2b000 GCTaskThread "GC Thread#4" [stack: 0x0000007d97800000,0x0000007d97900000] [id=21816]
  0x000001e363ee6800 GCTaskThread "GC Thread#5" [stack: 0x0000007d97900000,0x0000007d97a00000] [id=19212]
  0x000001e364b7b800 GCTaskThread "GC Thread#6" [stack: 0x0000007d98600000,0x0000007d98700000] [id=22648]
  0x000001e365a84800 GCTaskThread "GC Thread#7" [stack: 0x0000007d98700000,0x0000007d98800000] [id=26156]
  0x000001e34827a000 ConcurrentGCThread "G1 Main Marker" [stack: 0x0000007d96500000,0x0000007d96600000] [id=3536]
  0x000001e34827b800 ConcurrentGCThread "G1 Conc#0" [stack: 0x0000007d96600000,0x0000007d96700000] [id=2132]
  0x000001e36479f800 ConcurrentGCThread "G1 Conc#1" [stack: 0x0000007d98800000,0x0000007d98900000] [id=18908]
  0x000001e36254c800 ConcurrentGCThread "G1 Refine#0" [stack: 0x0000007d96700000,0x0000007d96800000] [id=10448]
  0x000001e36254d800 ConcurrentGCThread "G1 Young RemSet Sampling" [stack: 0x0000007d96800000,0x0000007d96900000] [id=6288]

Threads with active compile tasks:
C2 CompilerThread0  20159 8185       4       java.lang.String::split (324 bytes)
C1 CompilerThread0  20159 8302       3       org.gradle.internal.component.model.AttributeConfigurationSelector::selectConfigurationUsingAttributeMatching (445 bytes)

VM state:not at safepoint (normal execution)

VM Mutex/Monitor currently owned by a thread:  ([mutex/lock_event])
[0x000001e34822b9c0] MethodData_lock - owner thread: 0x0000000000000000

Heap address: 0x0000000080000000, size: 2048 MB, Compressed Oops mode: 32-bit
Narrow klass base: 0x0000000000000000, Narrow klass shift: 3
Compressed class space size: 1073741824 Address: 0x0000000100000000

Heap:
 garbage-first heap   total 260096K, used 150033K [0x0000000080000000, 0x0000000100000000)
  region size 1024K, 99 young (101376K), 13 survivors (13312K)
 Metaspace       used 82141K, capacity 84105K, committed 84224K, reserved 1122304K
  class space    used 10730K, capacity 11490K, committed 11520K, reserved 1048576K
Heap Regions: E=young(eden), S=young(survivor), O=old, HS=humongous(starts), HC=humongous(continues), CS=collection set, F=free, A=archive, TAMS=top-at-mark-start (previous, next)
|   0|0x0000000080000000, 0x0000000080100000, 0x0000000080100000|100%| O|  |TAMS 0x0000000080100000, 0x0000000080000000| Untracked 
|   1|0x0000000080100000, 0x0000000080200000, 0x0000000080200000|100%| O|  |TAMS 0x0000000080200000, 0x0000000080100000| Untracked 
|   2|0x0000000080200000, 0x0000000080300000, 0x0000000080300000|100%| O|  |TAMS 0x0000000080300000, 0x0000000080200000| Untracked 
|   3|0x0000000080300000, 0x0000000080400000, 0x0000000080400000|100%|HS|  |TAMS 0x0000000080400000, 0x0000000080300000| Complete 
|   4|0x0000000080400000, 0x0000000080500000, 0x0000000080500000|100%|HC|  |TAMS 0x0000000080500000, 0x0000000080400000| Complete 
|   5|0x0000000080500000, 0x0000000080600000, 0x0000000080600000|100%|HC|  |TAMS 0x0000000080600000, 0x0000000080500000| Complete 
|   6|0x0000000080600000, 0x0000000080700000, 0x0000000080700000|100%| O|  |TAMS 0x0000000080700000, 0x0000000080600000| Untracked 
|   7|0x0000000080700000, 0x0000000080800000, 0x0000000080800000|100%| O|  |TAMS 0x0000000080800000, 0x0000000080700000| Untracked 
|   8|0x0000000080800000, 0x0000000080900000, 0x0000000080900000|100%| O|  |TAMS 0x0000000080900000, 0x0000000080800000| Untracked 
|   9|0x0000000080900000, 0x0000000080a00000, 0x0000000080a00000|100%| O|  |TAMS 0x0000000080a00000, 0x0000000080900000| Untracked 
|  10|0x0000000080a00000, 0x0000000080b00000, 0x0000000080b00000|100%| O|  |TAMS 0x0000000080b00000, 0x0000000080a00000| Untracked 
|  11|0x0000000080b00000, 0x0000000080c00000, 0x0000000080c00000|100%| O|  |TAMS 0x0000000080c00000, 0x0000000080b00000| Untracked 
|  12|0x0000000080c00000, 0x0000000080d00000, 0x0000000080d00000|100%| O|  |TAMS 0x0000000080d00000, 0x0000000080c00000| Untracked 
|  13|0x0000000080d00000, 0x0000000080e00000, 0x0000000080e00000|100%| O|  |TAMS 0x0000000080e00000, 0x0000000080d00000| Untracked 
|  14|0x0000000080e00000, 0x0000000080f00000, 0x0000000080f00000|100%| O|  |TAMS 0x0000000080f00000, 0x0000000080e00000| Untracked 
|  15|0x0000000080f00000, 0x0000000081000000, 0x0000000081000000|100%| O|  |TAMS 0x0000000081000000, 0x0000000080f00000| Untracked 
|  16|0x0000000081000000, 0x0000000081100000, 0x0000000081100000|100%|HS|  |TAMS 0x0000000081100000, 0x0000000081000000| Complete 
|  17|0x0000000081100000, 0x0000000081200000, 0x0000000081200000|100%|HS|  |TAMS 0x0000000081200000, 0x0000000081100000| Complete 
|  18|0x0000000081200000, 0x0000000081300000, 0x0000000081300000|100%|HS|  |TAMS 0x0000000081300000, 0x0000000081200000| Complete 
|  19|0x0000000081300000, 0x0000000081400000, 0x0000000081400000|100%|HS|  |TAMS 0x0000000081400000, 0x0000000081300000| Complete 
|  20|0x0000000081400000, 0x0000000081500000, 0x0000000081500000|100%|HC|  |TAMS 0x0000000081500000, 0x0000000081400000| Complete 
|  21|0x0000000081500000, 0x0000000081600000, 0x0000000081600000|100%|HC|  |TAMS 0x0000000081600000, 0x0000000081500000| Complete 
|  22|0x0000000081600000, 0x0000000081700000, 0x0000000081700000|100%|HS|  |TAMS 0x0000000081700000, 0x0000000081600000| Complete 
|  23|0x0000000081700000, 0x0000000081800000, 0x0000000081800000|100%|HC|  |TAMS 0x0000000081800000, 0x0000000081700000| Complete 
|  24|0x0000000081800000, 0x0000000081900000, 0x0000000081900000|100%| O|  |TAMS 0x0000000081900000, 0x0000000081800000| Untracked 
|  25|0x0000000081900000, 0x0000000081a00000, 0x0000000081a00000|100%| O|  |TAMS 0x0000000081a00000, 0x0000000081900000| Untracked 
|  26|0x0000000081a00000, 0x0000000081b00000, 0x0000000081b00000|100%| O|  |TAMS 0x0000000081b00000, 0x0000000081a00000| Untracked 
|  27|0x0000000081b00000, 0x0000000081c00000, 0x0000000081c00000|100%| O|  |TAMS 0x0000000081c00000, 0x0000000081b00000| Untracked 
|  28|0x0000000081c00000, 0x0000000081d00000, 0x0000000081d00000|100%| O|  |TAMS 0x0000000081d00000, 0x0000000081c00000| Untracked 
|  29|0x0000000081d00000, 0x0000000081e00000, 0x0000000081e00000|100%| O|  |TAMS 0x0000000081e00000, 0x0000000081d00000| Untracked 
|  30|0x0000000081e00000, 0x0000000081f00000, 0x0000000081f00000|100%| O|  |TAMS 0x0000000081f00000, 0x0000000081e00000| Untracked 
|  31|0x0000000081f00000, 0x0000000082000000, 0x0000000082000000|100%| O|  |TAMS 0x0000000082000000, 0x0000000081f00000| Untracked 
|  32|0x0000000082000000, 0x0000000082100000, 0x0000000082100000|100%| O|  |TAMS 0x0000000082100000, 0x0000000082000000| Untracked 
|  33|0x0000000082100000, 0x0000000082200000, 0x0000000082200000|100%| O|  |TAMS 0x0000000082200000, 0x0000000082100000| Untracked 
|  34|0x0000000082200000, 0x0000000082300000, 0x0000000082300000|100%| O|  |TAMS 0x0000000082300000, 0x0000000082200000| Untracked 
|  35|0x0000000082300000, 0x0000000082400000, 0x0000000082400000|100%| O|  |TAMS 0x0000000082400000, 0x0000000082300000| Untracked 
|  36|0x0000000082400000, 0x0000000082500000, 0x0000000082500000|100%| O|  |TAMS 0x0000000082500000, 0x0000000082400000| Untracked 
|  37|0x0000000082500000, 0x0000000082600000, 0x0000000082600000|100%| O|  |TAMS 0x0000000082600000, 0x0000000082500000| Untracked 
|  38|0x0000000082600000, 0x0000000082700000, 0x0000000082700000|100%| O|  |TAMS 0x0000000082700000, 0x0000000082600000| Untracked 
|  39|0x0000000082700000, 0x0000000082800000, 0x0000000082800000|100%| O|  |TAMS 0x0000000082800000, 0x0000000082700000| Untracked 
|  40|0x0000000082800000, 0x0000000082900000, 0x0000000082900000|100%| O|  |TAMS 0x0000000082900000, 0x0000000082800000| Untracked 
|  41|0x0000000082900000, 0x0000000082a00000, 0x0000000082a00000|100%| O|  |TAMS 0x0000000082a00000, 0x0000000082900000| Untracked 
|  42|0x0000000082a00000, 0x0000000082b00000, 0x0000000082b00000|100%| O|  |TAMS 0x0000000082b00000, 0x0000000082a00000| Untracked 
|  43|0x0000000082b00000, 0x0000000082c00000, 0x0000000082c00000|100%| O|  |TAMS 0x0000000082c00000, 0x0000000082b00000| Untracked 
|  44|0x0000000082c00000, 0x0000000082d00000, 0x0000000082d00000|100%| O|  |TAMS 0x0000000082d00000, 0x0000000082c00000| Untracked 
|  45|0x0000000082d00000, 0x0000000082e00000, 0x0000000082e00000|100%| O|  |TAMS 0x0000000082e00000, 0x0000000082d00000| Untracked 
|  46|0x0000000082e00000, 0x0000000082f00000, 0x0000000082f00000|100%| O|  |TAMS 0x0000000082f00000, 0x0000000082e00000| Untracked 
|  47|0x0000000082f00000, 0x0000000083000000, 0x0000000083000000|100%| O|  |TAMS 0x0000000082f66600, 0x0000000082f00000| Untracked 
|  48|0x0000000083000000, 0x000000008308b400, 0x0000000083100000| 54%| O|  |TAMS 0x0000000083000000, 0x0000000083000000| Untracked 
|  49|0x0000000083100000, 0x0000000083100000, 0x0000000083200000|  0%| F|  |TAMS 0x0000000083100000, 0x0000000083100000| Untracked 
|  50|0x0000000083200000, 0x0000000083200000, 0x0000000083300000|  0%| F|  |TAMS 0x0000000083200000, 0x0000000083200000| Untracked 
|  51|0x0000000083300000, 0x0000000083300000, 0x0000000083400000|  0%| F|  |TAMS 0x0000000083300000, 0x0000000083300000| Untracked 
|  52|0x0000000083400000, 0x0000000083400000, 0x0000000083500000|  0%| F|  |TAMS 0x0000000083400000, 0x0000000083400000| Untracked 
|  53|0x0000000083500000, 0x0000000083500000, 0x0000000083600000|  0%| F|  |TAMS 0x0000000083500000, 0x0000000083500000| Untracked 
|  54|0x0000000083600000, 0x0000000083600000, 0x0000000083700000|  0%| F|  |TAMS 0x0000000083600000, 0x0000000083600000| Untracked 
|  55|0x0000000083700000, 0x0000000083700000, 0x0000000083800000|  0%| F|  |TAMS 0x0000000083700000, 0x0000000083700000| Untracked 
|  56|0x0000000083800000, 0x0000000083800000, 0x0000000083900000|  0%| F|  |TAMS 0x0000000083800000, 0x0000000083800000| Untracked 
|  57|0x0000000083900000, 0x0000000083900000, 0x0000000083a00000|  0%| F|  |TAMS 0x0000000083900000, 0x0000000083900000| Untracked 
|  58|0x0000000083a00000, 0x0000000083a00000, 0x0000000083b00000|  0%| F|  |TAMS 0x0000000083a00000, 0x0000000083a00000| Untracked 
|  59|0x0000000083b00000, 0x0000000083b00000, 0x0000000083c00000|  0%| F|  |TAMS 0x0000000083b00000, 0x0000000083b00000| Untracked 
|  60|0x0000000083c00000, 0x0000000083c00000, 0x0000000083d00000|  0%| F|  |TAMS 0x0000000083c00000, 0x0000000083c00000| Untracked 
|  61|0x0000000083d00000, 0x0000000083d00000, 0x0000000083e00000|  0%| F|  |TAMS 0x0000000083d00000, 0x0000000083d00000| Untracked 
|  62|0x0000000083e00000, 0x0000000083e00000, 0x0000000083f00000|  0%| F|  |TAMS 0x0000000083e00000, 0x0000000083e00000| Untracked 
|  63|0x0000000083f00000, 0x0000000083f00000, 0x0000000084000000|  0%| F|  |TAMS 0x0000000083f00000, 0x0000000083f00000| Untracked 
|  64|0x0000000084000000, 0x0000000084000000, 0x0000000084100000|  0%| F|  |TAMS 0x0000000084000000, 0x0000000084000000| Untracked 
|  65|0x0000000084100000, 0x0000000084100000, 0x0000000084200000|  0%| F|  |TAMS 0x0000000084100000, 0x0000000084100000| Untracked 
|  66|0x0000000084200000, 0x0000000084200000, 0x0000000084300000|  0%| F|  |TAMS 0x0000000084200000, 0x0000000084200000| Untracked 
|  67|0x0000000084300000, 0x0000000084300000, 0x0000000084400000|  0%| F|  |TAMS 0x0000000084300000, 0x0000000084300000| Untracked 
|  68|0x0000000084400000, 0x0000000084400000, 0x0000000084500000|  0%| F|  |TAMS 0x0000000084400000, 0x0000000084400000| Untracked 
|  69|0x0000000084500000, 0x0000000084500000, 0x0000000084600000|  0%| F|  |TAMS 0x0000000084500000, 0x0000000084500000| Untracked 
|  70|0x0000000084600000, 0x0000000084600000, 0x0000000084700000|  0%| F|  |TAMS 0x0000000084600000, 0x0000000084600000| Untracked 
|  71|0x0000000084700000, 0x0000000084700000, 0x0000000084800000|  0%| F|  |TAMS 0x0000000084700000, 0x0000000084700000| Untracked 
|  72|0x0000000084800000, 0x0000000084800000, 0x0000000084900000|  0%| F|  |TAMS 0x0000000084800000, 0x0000000084800000| Untracked 
|  73|0x0000000084900000, 0x0000000084900000, 0x0000000084a00000|  0%| F|  |TAMS 0x0000000084900000, 0x0000000084900000| Untracked 
|  74|0x0000000084a00000, 0x0000000084a00000, 0x0000000084b00000|  0%| F|  |TAMS 0x0000000084a00000, 0x0000000084a00000| Untracked 
|  75|0x0000000084b00000, 0x0000000084b00000, 0x0000000084c00000|  0%| F|  |TAMS 0x0000000084b00000, 0x0000000084b00000| Untracked 
|  76|0x0000000084c00000, 0x0000000084c00000, 0x0000000084d00000|  0%| F|  |TAMS 0x0000000084c00000, 0x0000000084c00000| Untracked 
|  77|0x0000000084d00000, 0x0000000084d00000, 0x0000000084e00000|  0%| F|  |TAMS 0x0000000084d00000, 0x0000000084d00000| Untracked 
|  78|0x0000000084e00000, 0x0000000084e00000, 0x0000000084f00000|  0%| F|  |TAMS 0x0000000084e00000, 0x0000000084e00000| Untracked 
|  79|0x0000000084f00000, 0x0000000084f00000, 0x0000000085000000|  0%| F|  |TAMS 0x0000000084f00000, 0x0000000084f00000| Untracked 
|  80|0x0000000085000000, 0x0000000085000000, 0x0000000085100000|  0%| F|  |TAMS 0x0000000085000000, 0x0000000085000000| Untracked 
|  81|0x0000000085100000, 0x0000000085100000, 0x0000000085200000|  0%| F|  |TAMS 0x0000000085100000, 0x0000000085100000| Untracked 
|  82|0x0000000085200000, 0x0000000085200000, 0x0000000085300000|  0%| F|  |TAMS 0x0000000085200000, 0x0000000085200000| Untracked 
|  83|0x0000000085300000, 0x0000000085300000, 0x0000000085400000|  0%| F|  |TAMS 0x0000000085300000, 0x0000000085300000| Untracked 
|  84|0x0000000085400000, 0x0000000085400000, 0x0000000085500000|  0%| F|  |TAMS 0x0000000085400000, 0x0000000085400000| Untracked 
|  85|0x0000000085500000, 0x0000000085500000, 0x0000000085600000|  0%| F|  |TAMS 0x0000000085500000, 0x0000000085500000| Untracked 
|  86|0x0000000085600000, 0x0000000085600000, 0x0000000085700000|  0%| F|  |TAMS 0x0000000085600000, 0x0000000085600000| Untracked 
|  87|0x0000000085700000, 0x0000000085700000, 0x0000000085800000|  0%| F|  |TAMS 0x0000000085700000, 0x0000000085700000| Untracked 
|  88|0x0000000085800000, 0x0000000085800000, 0x0000000085900000|  0%| F|  |TAMS 0x0000000085800000, 0x0000000085800000| Untracked 
|  89|0x0000000085900000, 0x0000000085900000, 0x0000000085a00000|  0%| F|  |TAMS 0x0000000085900000, 0x0000000085900000| Untracked 
|  90|0x0000000085a00000, 0x0000000085a00000, 0x0000000085b00000|  0%| F|  |TAMS 0x0000000085a00000, 0x0000000085a00000| Untracked 
|  91|0x0000000085b00000, 0x0000000085b00000, 0x0000000085c00000|  0%| F|  |TAMS 0x0000000085b00000, 0x0000000085b00000| Untracked 
|  92|0x0000000085c00000, 0x0000000085c00000, 0x0000000085d00000|  0%| F|  |TAMS 0x0000000085c00000, 0x0000000085c00000| Untracked 
|  93|0x0000000085d00000, 0x0000000085d00000, 0x0000000085e00000|  0%| F|  |TAMS 0x0000000085d00000, 0x0000000085d00000| Untracked 
|  94|0x0000000085e00000, 0x0000000085e00000, 0x0000000085f00000|  0%| F|  |TAMS 0x0000000085e00000, 0x0000000085e00000| Untracked 
|  95|0x0000000085f00000, 0x0000000085f00000, 0x0000000086000000|  0%| F|  |TAMS 0x0000000085f00000, 0x0000000085f00000| Untracked 
|  96|0x0000000086000000, 0x0000000086000000, 0x0000000086100000|  0%| F|  |TAMS 0x0000000086000000, 0x0000000086000000| Untracked 
|  97|0x0000000086100000, 0x0000000086100000, 0x0000000086200000|  0%| F|  |TAMS 0x0000000086100000, 0x0000000086100000| Untracked 
|  98|0x0000000086200000, 0x0000000086200000, 0x0000000086300000|  0%| F|  |TAMS 0x0000000086200000, 0x0000000086200000| Untracked 
|  99|0x0000000086300000, 0x0000000086300000, 0x0000000086400000|  0%| F|  |TAMS 0x0000000086300000, 0x0000000086300000| Untracked 
| 100|0x0000000086400000, 0x0000000086400000, 0x0000000086500000|  0%| F|  |TAMS 0x0000000086400000, 0x0000000086400000| Untracked 
| 101|0x0000000086500000, 0x0000000086500000, 0x0000000086600000|  0%| F|  |TAMS 0x0000000086500000, 0x0000000086500000| Untracked 
| 102|0x0000000086600000, 0x0000000086600000, 0x0000000086700000|  0%| F|  |TAMS 0x0000000086600000, 0x0000000086600000| Untracked 
| 103|0x0000000086700000, 0x0000000086700000, 0x0000000086800000|  0%| F|  |TAMS 0x0000000086700000, 0x0000000086700000| Untracked 
| 104|0x0000000086800000, 0x0000000086800000, 0x0000000086900000|  0%| F|  |TAMS 0x0000000086800000, 0x0000000086800000| Untracked 
| 105|0x0000000086900000, 0x0000000086900000, 0x0000000086a00000|  0%| F|  |TAMS 0x0000000086900000, 0x0000000086900000| Untracked 
| 106|0x0000000086a00000, 0x0000000086a00000, 0x0000000086b00000|  0%| F|  |TAMS 0x0000000086a00000, 0x0000000086a00000| Untracked 
| 107|0x0000000086b00000, 0x0000000086b00000, 0x0000000086c00000|  0%| F|  |TAMS 0x0000000086b00000, 0x0000000086b00000| Untracked 
| 108|0x0000000086c00000, 0x0000000086c00000, 0x0000000086d00000|  0%| F|  |TAMS 0x0000000086c00000, 0x0000000086c00000| Untracked 
| 109|0x0000000086d00000, 0x0000000086d00000, 0x0000000086e00000|  0%| F|  |TAMS 0x0000000086d00000, 0x0000000086d00000| Untracked 
| 110|0x0000000086e00000, 0x0000000086e00000, 0x0000000086f00000|  0%| F|  |TAMS 0x0000000086e00000, 0x0000000086e00000| Untracked 
| 111|0x0000000086f00000, 0x0000000086f00000, 0x0000000087000000|  0%| F|  |TAMS 0x0000000086f00000, 0x0000000086f00000| Untracked 
| 112|0x0000000087000000, 0x0000000087000000, 0x0000000087100000|  0%| F|  |TAMS 0x0000000087000000, 0x0000000087000000| Untracked 
| 113|0x0000000087100000, 0x0000000087100000, 0x0000000087200000|  0%| F|  |TAMS 0x0000000087100000, 0x0000000087100000| Untracked 
| 114|0x0000000087200000, 0x0000000087200000, 0x0000000087300000|  0%| F|  |TAMS 0x0000000087200000, 0x0000000087200000| Untracked 
| 115|0x0000000087300000, 0x0000000087300000, 0x0000000087400000|  0%| F|  |TAMS 0x0000000087300000, 0x0000000087300000| Untracked 
| 116|0x0000000087400000, 0x0000000087400000, 0x0000000087500000|  0%| F|  |TAMS 0x0000000087400000, 0x0000000087400000| Untracked 
| 117|0x0000000087500000, 0x0000000087500000, 0x0000000087600000|  0%| F|  |TAMS 0x0000000087500000, 0x0000000087500000| Untracked 
| 118|0x0000000087600000, 0x0000000087600000, 0x0000000087700000|  0%| F|  |TAMS 0x0000000087600000, 0x0000000087600000| Untracked 
| 119|0x0000000087700000, 0x0000000087700000, 0x0000000087800000|  0%| F|  |TAMS 0x0000000087700000, 0x0000000087700000| Untracked 
| 120|0x0000000087800000, 0x0000000087800000, 0x0000000087900000|  0%| F|  |TAMS 0x0000000087800000, 0x0000000087800000| Untracked 
| 121|0x0000000087900000, 0x0000000087900000, 0x0000000087a00000|  0%| F|  |TAMS 0x0000000087900000, 0x0000000087900000| Untracked 
| 122|0x0000000087a00000, 0x0000000087a00000, 0x0000000087b00000|  0%| F|  |TAMS 0x0000000087a00000, 0x0000000087a00000| Untracked 
| 123|0x0000000087b00000, 0x0000000087b00000, 0x0000000087c00000|  0%| F|  |TAMS 0x0000000087b00000, 0x0000000087b00000| Untracked 
| 124|0x0000000087c00000, 0x0000000087c00000, 0x0000000087d00000|  0%| F|  |TAMS 0x0000000087c00000, 0x0000000087c00000| Untracked 
| 125|0x0000000087d00000, 0x0000000087d00000, 0x0000000087e00000|  0%| F|  |TAMS 0x0000000087d00000, 0x0000000087d00000| Untracked 
| 126|0x0000000087e00000, 0x0000000087e00000, 0x0000000087f00000|  0%| F|  |TAMS 0x0000000087e00000, 0x0000000087e00000| Untracked 
| 127|0x0000000087f00000, 0x0000000087f00000, 0x0000000088000000|  0%| F|  |TAMS 0x0000000087f00000, 0x0000000087f00000| Untracked 
| 128|0x0000000088000000, 0x0000000088000000, 0x0000000088100000|  0%| F|  |TAMS 0x0000000088000000, 0x0000000088000000| Untracked 
| 129|0x0000000088100000, 0x0000000088100000, 0x0000000088200000|  0%| F|  |TAMS 0x0000000088100000, 0x0000000088100000| Untracked 
| 130|0x0000000088200000, 0x0000000088200000, 0x0000000088300000|  0%| F|  |TAMS 0x0000000088200000, 0x0000000088200000| Untracked 
| 131|0x0000000088300000, 0x0000000088300000, 0x0000000088400000|  0%| F|  |TAMS 0x0000000088300000, 0x0000000088300000| Untracked 
| 132|0x0000000088400000, 0x0000000088400000, 0x0000000088500000|  0%| F|  |TAMS 0x0000000088400000, 0x0000000088400000| Untracked 
| 133|0x0000000088500000, 0x0000000088500000, 0x0000000088600000|  0%| F|  |TAMS 0x0000000088500000, 0x0000000088500000| Untracked 
| 134|0x0000000088600000, 0x0000000088600000, 0x0000000088700000|  0%| F|  |TAMS 0x0000000088600000, 0x0000000088600000| Untracked 
| 135|0x0000000088700000, 0x0000000088700000, 0x0000000088800000|  0%| F|  |TAMS 0x0000000088700000, 0x0000000088700000| Untracked 
| 136|0x0000000088800000, 0x0000000088800000, 0x0000000088900000|  0%| F|  |TAMS 0x0000000088800000, 0x0000000088800000| Untracked 
| 137|0x0000000088900000, 0x0000000088900000, 0x0000000088a00000|  0%| F|  |TAMS 0x0000000088900000, 0x0000000088900000| Untracked 
| 138|0x0000000088a00000, 0x0000000088a00000, 0x0000000088b00000|  0%| F|  |TAMS 0x0000000088a00000, 0x0000000088a00000| Untracked 
| 139|0x0000000088b00000, 0x0000000088b00000, 0x0000000088c00000|  0%| F|  |TAMS 0x0000000088b00000, 0x0000000088b00000| Untracked 
| 140|0x0000000088c00000, 0x0000000088c00000, 0x0000000088d00000|  0%| F|  |TAMS 0x0000000088c00000, 0x0000000088c00000| Untracked 
| 141|0x0000000088d00000, 0x0000000088df9330, 0x0000000088e00000| 97%| S|CS|TAMS 0x0000000088d00000, 0x0000000088d00000| Complete 
| 142|0x0000000088e00000, 0x0000000088f00000, 0x0000000088f00000|100%| S|CS|TAMS 0x0000000088e00000, 0x0000000088e00000| Complete 
| 143|0x0000000088f00000, 0x0000000089000000, 0x0000000089000000|100%| S|CS|TAMS 0x0000000088f00000, 0x0000000088f00000| Complete 
| 144|0x0000000089000000, 0x0000000089100000, 0x0000000089100000|100%| S|CS|TAMS 0x0000000089000000, 0x0000000089000000| Complete 
| 145|0x0000000089100000, 0x0000000089200000, 0x0000000089200000|100%| S|CS|TAMS 0x0000000089100000, 0x0000000089100000| Complete 
| 146|0x0000000089200000, 0x0000000089300000, 0x0000000089300000|100%| S|CS|TAMS 0x0000000089200000, 0x0000000089200000| Complete 
| 147|0x0000000089300000, 0x0000000089400000, 0x0000000089400000|100%| S|CS|TAMS 0x0000000089300000, 0x0000000089300000| Complete 
| 148|0x0000000089400000, 0x0000000089500000, 0x0000000089500000|100%| S|CS|TAMS 0x0000000089400000, 0x0000000089400000| Complete 
| 149|0x0000000089500000, 0x0000000089600000, 0x0000000089600000|100%| S|CS|TAMS 0x0000000089500000, 0x0000000089500000| Complete 
| 150|0x0000000089600000, 0x0000000089700000, 0x0000000089700000|100%| S|CS|TAMS 0x0000000089600000, 0x0000000089600000| Complete 
| 151|0x0000000089700000, 0x0000000089800000, 0x0000000089800000|100%| S|CS|TAMS 0x0000000089700000, 0x0000000089700000| Complete 
| 152|0x0000000089800000, 0x0000000089900000, 0x0000000089900000|100%| S|CS|TAMS 0x0000000089800000, 0x0000000089800000| Complete 
| 153|0x0000000089900000, 0x0000000089a00000, 0x0000000089a00000|100%| S|CS|TAMS 0x0000000089900000, 0x0000000089900000| Complete 
| 154|0x0000000089a00000, 0x0000000089a00000, 0x0000000089b00000|  0%| F|  |TAMS 0x0000000089a00000, 0x0000000089a00000| Untracked 
| 155|0x0000000089b00000, 0x0000000089b00000, 0x0000000089c00000|  0%| F|  |TAMS 0x0000000089b00000, 0x0000000089b00000| Untracked 
| 156|0x0000000089c00000, 0x0000000089c00000, 0x0000000089d00000|  0%| F|  |TAMS 0x0000000089c00000, 0x0000000089c00000| Untracked 
| 157|0x0000000089d00000, 0x0000000089d00000, 0x0000000089e00000|  0%| F|  |TAMS 0x0000000089d00000, 0x0000000089d00000| Untracked 
| 158|0x0000000089e00000, 0x0000000089e00000, 0x0000000089f00000|  0%| F|  |TAMS 0x0000000089e00000, 0x0000000089e00000| Untracked 
| 159|0x0000000089f00000, 0x0000000089f00000, 0x000000008a000000|  0%| F|  |TAMS 0x0000000089f00000, 0x0000000089f00000| Untracked 
| 160|0x000000008a000000, 0x000000008a000000, 0x000000008a100000|  0%| F|  |TAMS 0x000000008a000000, 0x000000008a000000| Untracked 
| 161|0x000000008a100000, 0x000000008a100000, 0x000000008a200000|  0%| F|  |TAMS 0x000000008a100000, 0x000000008a100000| Untracked 
| 162|0x000000008a200000, 0x000000008a200000, 0x000000008a300000|  0%| F|  |TAMS 0x000000008a200000, 0x000000008a200000| Untracked 
| 163|0x000000008a300000, 0x000000008a300000, 0x000000008a400000|  0%| F|  |TAMS 0x000000008a300000, 0x000000008a300000| Untracked 
| 164|0x000000008a400000, 0x000000008a400000, 0x000000008a500000|  0%| F|  |TAMS 0x000000008a400000, 0x000000008a400000| Untracked 
| 165|0x000000008a500000, 0x000000008a500000, 0x000000008a600000|  0%| F|  |TAMS 0x000000008a500000, 0x000000008a500000| Untracked 
| 166|0x000000008a600000, 0x000000008a600000, 0x000000008a700000|  0%| F|  |TAMS 0x000000008a600000, 0x000000008a600000| Untracked 
| 167|0x000000008a700000, 0x000000008a700000, 0x000000008a800000|  0%| F|  |TAMS 0x000000008a700000, 0x000000008a700000| Untracked 
| 168|0x000000008a800000, 0x000000008a8f74f0, 0x000000008a900000| 96%| E|  |TAMS 0x000000008a800000, 0x000000008a800000| Complete 
| 169|0x000000008a900000, 0x000000008aa00000, 0x000000008aa00000|100%| E|CS|TAMS 0x000000008a900000, 0x000000008a900000| Complete 
| 170|0x000000008aa00000, 0x000000008ab00000, 0x000000008ab00000|100%| E|CS|TAMS 0x000000008aa00000, 0x000000008aa00000| Complete 
| 171|0x000000008ab00000, 0x000000008ac00000, 0x000000008ac00000|100%| E|CS|TAMS 0x000000008ab00000, 0x000000008ab00000| Complete 
| 172|0x000000008ac00000, 0x000000008ad00000, 0x000000008ad00000|100%| E|CS|TAMS 0x000000008ac00000, 0x000000008ac00000| Complete 
| 173|0x000000008ad00000, 0x000000008ae00000, 0x000000008ae00000|100%| E|CS|TAMS 0x000000008ad00000, 0x000000008ad00000| Complete 
| 174|0x000000008ae00000, 0x000000008af00000, 0x000000008af00000|100%| E|CS|TAMS 0x000000008ae00000, 0x000000008ae00000| Complete 
| 175|0x000000008af00000, 0x000000008b000000, 0x000000008b000000|100%| E|CS|TAMS 0x000000008af00000, 0x000000008af00000| Complete 
| 176|0x000000008b000000, 0x000000008b100000, 0x000000008b100000|100%| E|CS|TAMS 0x000000008b000000, 0x000000008b000000| Complete 
| 177|0x000000008b100000, 0x000000008b200000, 0x000000008b200000|100%| E|CS|TAMS 0x000000008b100000, 0x000000008b100000| Complete 
| 178|0x000000008b200000, 0x000000008b300000, 0x000000008b300000|100%| E|CS|TAMS 0x000000008b200000, 0x000000008b200000| Complete 
| 179|0x000000008b300000, 0x000000008b400000, 0x000000008b400000|100%| E|CS|TAMS 0x000000008b300000, 0x000000008b300000| Complete 
| 180|0x000000008b400000, 0x000000008b500000, 0x000000008b500000|100%| E|CS|TAMS 0x000000008b400000, 0x000000008b400000| Complete 
| 181|0x000000008b500000, 0x000000008b600000, 0x000000008b600000|100%| E|CS|TAMS 0x000000008b500000, 0x000000008b500000| Complete 
| 182|0x000000008b600000, 0x000000008b700000, 0x000000008b700000|100%| E|CS|TAMS 0x000000008b600000, 0x000000008b600000| Complete 
| 183|0x000000008b700000, 0x000000008b800000, 0x000000008b800000|100%| E|CS|TAMS 0x000000008b700000, 0x000000008b700000| Complete 
| 184|0x000000008b800000, 0x000000008b900000, 0x000000008b900000|100%| E|CS|TAMS 0x000000008b800000, 0x000000008b800000| Complete 
| 185|0x000000008b900000, 0x000000008ba00000, 0x000000008ba00000|100%| E|CS|TAMS 0x000000008b900000, 0x000000008b900000| Complete 
| 186|0x000000008ba00000, 0x000000008bb00000, 0x000000008bb00000|100%| E|CS|TAMS 0x000000008ba00000, 0x000000008ba00000| Complete 
| 187|0x000000008bb00000, 0x000000008bc00000, 0x000000008bc00000|100%| E|CS|TAMS 0x000000008bb00000, 0x000000008bb00000| Complete 
| 188|0x000000008bc00000, 0x000000008bd00000, 0x000000008bd00000|100%| E|CS|TAMS 0x000000008bc00000, 0x000000008bc00000| Complete 
| 189|0x000000008bd00000, 0x000000008be00000, 0x000000008be00000|100%| E|CS|TAMS 0x000000008bd00000, 0x000000008bd00000| Complete 
| 190|0x000000008be00000, 0x000000008bf00000, 0x000000008bf00000|100%| E|CS|TAMS 0x000000008be00000, 0x000000008be00000| Complete 
| 191|0x000000008bf00000, 0x000000008c000000, 0x000000008c000000|100%| E|CS|TAMS 0x000000008bf00000, 0x000000008bf00000| Complete 
| 192|0x000000008c000000, 0x000000008c100000, 0x000000008c100000|100%| E|CS|TAMS 0x000000008c000000, 0x000000008c000000| Complete 
| 193|0x000000008c100000, 0x000000008c200000, 0x000000008c200000|100%| E|CS|TAMS 0x000000008c100000, 0x000000008c100000| Complete 
| 194|0x000000008c200000, 0x000000008c300000, 0x000000008c300000|100%| E|CS|TAMS 0x000000008c200000, 0x000000008c200000| Complete 
| 195|0x000000008c300000, 0x000000008c400000, 0x000000008c400000|100%| E|CS|TAMS 0x000000008c300000, 0x000000008c300000| Complete 
| 196|0x000000008c400000, 0x000000008c500000, 0x000000008c500000|100%| E|CS|TAMS 0x000000008c400000, 0x000000008c400000| Complete 
| 197|0x000000008c500000, 0x000000008c600000, 0x000000008c600000|100%| E|CS|TAMS 0x000000008c500000, 0x000000008c500000| Complete 
| 198|0x000000008c600000, 0x000000008c700000, 0x000000008c700000|100%| E|CS|TAMS 0x000000008c600000, 0x000000008c600000| Complete 
| 199|0x000000008c700000, 0x000000008c800000, 0x000000008c800000|100%| E|CS|TAMS 0x000000008c700000, 0x000000008c700000| Complete 
| 200|0x000000008c800000, 0x000000008c900000, 0x000000008c900000|100%| E|CS|TAMS 0x000000008c800000, 0x000000008c800000| Complete 
| 201|0x000000008c900000, 0x000000008ca00000, 0x000000008ca00000|100%| E|CS|TAMS 0x000000008c900000, 0x000000008c900000| Complete 
| 202|0x000000008ca00000, 0x000000008cb00000, 0x000000008cb00000|100%| E|CS|TAMS 0x000000008ca00000, 0x000000008ca00000| Complete 
| 203|0x000000008cb00000, 0x000000008cc00000, 0x000000008cc00000|100%| E|CS|TAMS 0x000000008cb00000, 0x000000008cb00000| Complete 
| 204|0x000000008cc00000, 0x000000008cd00000, 0x000000008cd00000|100%| E|CS|TAMS 0x000000008cc00000, 0x000000008cc00000| Complete 
| 205|0x000000008cd00000, 0x000000008ce00000, 0x000000008ce00000|100%| E|CS|TAMS 0x000000008cd00000, 0x000000008cd00000| Complete 
| 206|0x000000008ce00000, 0x000000008cf00000, 0x000000008cf00000|100%| E|CS|TAMS 0x000000008ce00000, 0x000000008ce00000| Complete 
| 207|0x000000008cf00000, 0x000000008d000000, 0x000000008d000000|100%| E|CS|TAMS 0x000000008cf00000, 0x000000008cf00000| Complete 
| 208|0x000000008d000000, 0x000000008d100000, 0x000000008d100000|100%| E|CS|TAMS 0x000000008d000000, 0x000000008d000000| Complete 
| 209|0x000000008d100000, 0x000000008d200000, 0x000000008d200000|100%| E|CS|TAMS 0x000000008d100000, 0x000000008d100000| Complete 
| 210|0x000000008d200000, 0x000000008d300000, 0x000000008d300000|100%| E|CS|TAMS 0x000000008d200000, 0x000000008d200000| Complete 
| 211|0x000000008d300000, 0x000000008d400000, 0x000000008d400000|100%| E|CS|TAMS 0x000000008d300000, 0x000000008d300000| Complete 
| 212|0x000000008d400000, 0x000000008d500000, 0x000000008d500000|100%| E|CS|TAMS 0x000000008d400000, 0x000000008d400000| Complete 
| 213|0x000000008d500000, 0x000000008d600000, 0x000000008d600000|100%| E|CS|TAMS 0x000000008d500000, 0x000000008d500000| Complete 
| 214|0x000000008d600000, 0x000000008d700000, 0x000000008d700000|100%| E|CS|TAMS 0x000000008d600000, 0x000000008d600000| Complete 
| 215|0x000000008d700000, 0x000000008d800000, 0x000000008d800000|100%| E|CS|TAMS 0x000000008d700000, 0x000000008d700000| Complete 
| 216|0x000000008d800000, 0x000000008d900000, 0x000000008d900000|100%| E|CS|TAMS 0x000000008d800000, 0x000000008d800000| Complete 
| 217|0x000000008d900000, 0x000000008da00000, 0x000000008da00000|100%| E|CS|TAMS 0x000000008d900000, 0x000000008d900000| Complete 
| 218|0x000000008da00000, 0x000000008db00000, 0x000000008db00000|100%| E|CS|TAMS 0x000000008da00000, 0x000000008da00000| Complete 
| 219|0x000000008db00000, 0x000000008dc00000, 0x000000008dc00000|100%| E|CS|TAMS 0x000000008db00000, 0x000000008db00000| Complete 
| 220|0x000000008dc00000, 0x000000008dd00000, 0x000000008dd00000|100%| E|CS|TAMS 0x000000008dc00000, 0x000000008dc00000| Complete 
| 221|0x000000008dd00000, 0x000000008de00000, 0x000000008de00000|100%| E|CS|TAMS 0x000000008dd00000, 0x000000008dd00000| Complete 
| 222|0x000000008de00000, 0x000000008df00000, 0x000000008df00000|100%| E|CS|TAMS 0x000000008de00000, 0x000000008de00000| Complete 
| 223|0x000000008df00000, 0x000000008e000000, 0x000000008e000000|100%| E|CS|TAMS 0x000000008df00000, 0x000000008df00000| Complete 
| 224|0x000000008e000000, 0x000000008e100000, 0x000000008e100000|100%| E|CS|TAMS 0x000000008e000000, 0x000000008e000000| Complete 
| 225|0x000000008e100000, 0x000000008e200000, 0x000000008e200000|100%| E|CS|TAMS 0x000000008e100000, 0x000000008e100000| Complete 
| 226|0x000000008e200000, 0x000000008e300000, 0x000000008e300000|100%| E|CS|TAMS 0x000000008e200000, 0x000000008e200000| Complete 
| 227|0x000000008e300000, 0x000000008e400000, 0x000000008e400000|100%| E|CS|TAMS 0x000000008e300000, 0x000000008e300000| Complete 
| 228|0x000000008e400000, 0x000000008e500000, 0x000000008e500000|100%| E|CS|TAMS 0x000000008e400000, 0x000000008e400000| Complete 
| 229|0x000000008e500000, 0x000000008e600000, 0x000000008e600000|100%| E|CS|TAMS 0x000000008e500000, 0x000000008e500000| Complete 
| 230|0x000000008e600000, 0x000000008e700000, 0x000000008e700000|100%| E|CS|TAMS 0x000000008e600000, 0x000000008e600000| Complete 
| 231|0x000000008e700000, 0x000000008e800000, 0x000000008e800000|100%| E|CS|TAMS 0x000000008e700000, 0x000000008e700000| Complete 
| 232|0x000000008e800000, 0x000000008e900000, 0x000000008e900000|100%| E|CS|TAMS 0x000000008e800000, 0x000000008e800000| Complete 
| 233|0x000000008e900000, 0x000000008ea00000, 0x000000008ea00000|100%| E|CS|TAMS 0x000000008e900000, 0x000000008e900000| Complete 
| 234|0x000000008ea00000, 0x000000008eb00000, 0x000000008eb00000|100%| E|CS|TAMS 0x000000008ea00000, 0x000000008ea00000| Complete 
| 235|0x000000008eb00000, 0x000000008ec00000, 0x000000008ec00000|100%| E|CS|TAMS 0x000000008eb00000, 0x000000008eb00000| Complete 
| 236|0x000000008ec00000, 0x000000008ed00000, 0x000000008ed00000|100%| E|CS|TAMS 0x000000008ec00000, 0x000000008ec00000| Complete 
| 237|0x000000008ed00000, 0x000000008ee00000, 0x000000008ee00000|100%| E|CS|TAMS 0x000000008ed00000, 0x000000008ed00000| Complete 
| 238|0x000000008ee00000, 0x000000008ef00000, 0x000000008ef00000|100%| E|CS|TAMS 0x000000008ee00000, 0x000000008ee00000| Complete 
| 239|0x000000008ef00000, 0x000000008f000000, 0x000000008f000000|100%| E|CS|TAMS 0x000000008ef00000, 0x000000008ef00000| Complete 
| 240|0x000000008f000000, 0x000000008f100000, 0x000000008f100000|100%| E|CS|TAMS 0x000000008f000000, 0x000000008f000000| Complete 
| 241|0x000000008f100000, 0x000000008f200000, 0x000000008f200000|100%| E|CS|TAMS 0x000000008f100000, 0x000000008f100000| Complete 
| 242|0x000000008f200000, 0x000000008f300000, 0x000000008f300000|100%| E|CS|TAMS 0x000000008f200000, 0x000000008f200000| Complete 
| 243|0x000000008f300000, 0x000000008f400000, 0x000000008f400000|100%| E|CS|TAMS 0x000000008f300000, 0x000000008f300000| Complete 
| 244|0x000000008f400000, 0x000000008f500000, 0x000000008f500000|100%| E|CS|TAMS 0x000000008f400000, 0x000000008f400000| Complete 
| 245|0x000000008f500000, 0x000000008f600000, 0x000000008f600000|100%| E|CS|TAMS 0x000000008f500000, 0x000000008f500000| Complete 
| 246|0x000000008f600000, 0x000000008f700000, 0x000000008f700000|100%| E|CS|TAMS 0x000000008f600000, 0x000000008f600000| Complete 
| 247|0x000000008f700000, 0x000000008f800000, 0x000000008f800000|100%| E|CS|TAMS 0x000000008f700000, 0x000000008f700000| Complete 
| 248|0x000000008f800000, 0x000000008f900000, 0x000000008f900000|100%| E|CS|TAMS 0x000000008f800000, 0x000000008f800000| Complete 
| 249|0x000000008f900000, 0x000000008fa00000, 0x000000008fa00000|100%| E|CS|TAMS 0x000000008f900000, 0x000000008f900000| Complete 
| 250|0x000000008fa00000, 0x000000008fb00000, 0x000000008fb00000|100%| E|CS|TAMS 0x000000008fa00000, 0x000000008fa00000| Complete 
| 251|0x000000008fb00000, 0x000000008fc00000, 0x000000008fc00000|100%| E|CS|TAMS 0x000000008fb00000, 0x000000008fb00000| Complete 
| 252|0x000000008fc00000, 0x000000008fd00000, 0x000000008fd00000|100%| E|CS|TAMS 0x000000008fc00000, 0x000000008fc00000| Complete 
| 253|0x000000008fd00000, 0x000000008fe00000, 0x000000008fe00000|100%| E|CS|TAMS 0x000000008fd00000, 0x000000008fd00000| Complete 

Card table byte_map: [0x000001e35b450000,0x000001e35b850000] _byte_map_base: 0x000001e35b050000

Marking Bits (Prev, Next): (CMBitMap*) 0x000001e348270f58, (CMBitMap*) 0x000001e348270f90
 Prev Bits: [0x000001e35bc50000, 0x000001e35dc50000)
 Next Bits: [0x000001e35dc50000, 0x000001e35fc50000)

Polling page: 0x000001e3461e0000

Metaspace:

Usage:
  Non-class:     70.92 MB capacity,    69.76 MB ( 98%) used,   969.91 KB (  1%) free+waste,   216.56 KB ( <1%) overhead. 
      Class:     11.22 MB capacity,    10.48 MB ( 93%) used,   658.89 KB (  6%) free+waste,   100.31 KB ( <1%) overhead. 
       Both:     82.14 MB capacity,    80.24 MB ( 98%) used,     1.59 MB (  2%) free+waste,   316.88 KB ( <1%) overhead. 

Virtual space:
  Non-class space:       72.00 MB reserved,      71.00 MB ( 99%) committed 
      Class space:        1.00 GB reserved,      11.25 MB (  1%) committed 
             Both:        1.07 GB reserved,      82.25 MB (  8%) committed 

Chunk freelists:
   Non-Class:  22.00 KB
       Class:  0 bytes
        Both:  22.00 KB

MaxMetaspaceSize: 17179869184.00 GB
CompressedClassSpaceSize: 1.00 GB

CodeHeap 'non-profiled nmethods': size=120000Kb used=5345Kb max_used=5345Kb free=114654Kb
 bounds [0x000001e3537f0000, 0x000001e353d30000, 0x000001e35ad20000]
CodeHeap 'profiled nmethods': size=120000Kb used=17772Kb max_used=17772Kb free=102227Kb
 bounds [0x000001e34c2c0000, 0x000001e34d420000, 0x000001e3537f0000]
CodeHeap 'non-nmethods': size=5760Kb used=2275Kb max_used=2329Kb free=3484Kb
 bounds [0x000001e34bd20000, 0x000001e34bf90000, 0x000001e34c2c0000]
 total_blobs=9171 nmethods=8296 adapters=786
 compilation: enabled
              stopped_count=0, restarted_count=0
 full_count=0

Compilation events (20 events):
Event: 20.118 Thread 0x000001e362f74800 8260       3       org.gradle.internal.component.external.model.AbstractLazyModuleComponentResolveMetadata::isMissing (5 bytes)
Event: 20.119 Thread 0x000001e362f74800 nmethod 8260 0x000001e34d3f4490 code [0x000001e34d3f4640, 0x000001e34d3f4758]
Event: 20.119 Thread 0x000001e362f74800 8261       3       org.gradle.internal.component.external.model.AbstractLazyModuleComponentResolveMetadata::getVariants (5 bytes)
Event: 20.119 Thread 0x000001e362f74800 nmethod 8261 0x000001e34d3f4810 code [0x000001e34d3f49c0, 0x000001e34d3f4ad8]
Event: 20.119 Thread 0x000001e362f74800 8262       3       java.util.Comparator::thenComparing (12 bytes)
Event: 20.120 Thread 0x000001e362f74800 nmethod 8262 0x000001e34d3f4b90 code [0x000001e34d3f4de0, 0x000001e34d3f5748]
Event: 20.120 Thread 0x000001e362f74800 8263       3       org.gradle.api.internal.artifacts.ivyservice.resolveengine.graph.builder.ComponentState::setMetadata (11 bytes)
Event: 20.120 Thread 0x000001e362f74800 nmethod 8263 0x000001e34d3f5a90 code [0x000001e34d3f5c40, 0x000001e34d3f5db8]
Event: 20.121 Thread 0x000001e362f74800 8265       3       org.gradle.internal.snapshot.impl.IsolatedArray::isolate (60 bytes)
Event: 20.122 Thread 0x000001e362f74800 nmethod 8265 0x000001e34d3f5e90 code [0x000001e34d3f60e0, 0x000001e34d3f69c8]
Event: 20.122 Thread 0x000001e362f74800 8264       3       org.gradle.internal.snapshot.impl.IsolatedArray::isolate (5 bytes)
Event: 20.122 Thread 0x000001e362f74800 nmethod 8264 0x000001e34d3f6c90 code [0x000001e34d3f6e40, 0x000001e34d3f6f88]
Event: 20.122 Thread 0x000001e362f74800 8266       3       java.util.BitSet::wordIndex (5 bytes)
Event: 20.122 Thread 0x000001e362f74800 nmethod 8266 0x000001e34d3f7010 code [0x000001e34d3f71c0, 0x000001e34d3f7298]
Event: 20.122 Thread 0x000001e362f74800 8268       3       org.gradle.api.internal.artifacts.ivyservice.resolveengine.graph.builder.ComponentState::evict (8 bytes)
Event: 20.122 Thread 0x000001e362f74800 nmethod 8268 0x000001e34d3f7310 code [0x000001e34d3f74c0, 0x000001e34d3f7618]
Event: 20.122 Thread 0x000001e362f74800 8269       3       org.gradle.api.internal.artifacts.ivyservice.resolveengine.graph.builder.ModuleSelectors::first (23 bytes)
Event: 20.122 Thread 0x000001e362f74800 nmethod 8269 0x000001e34d3f7690 code [0x000001e34d3f7880, 0x000001e34d3f7cb8]
Event: 20.123 Thread 0x000001e362f74800 8270   !   3       java.io.FileInputStream::close (69 bytes)
Event: 20.124 Thread 0x000001e362f74800 nmethod 8270 0x000001e34d3f7e10 code [0x000001e34d3f8000, 0x000001e34d3f85b8]

GC Heap History (18 events):
Event: 0.548 GC heap before
{Heap before GC invocations=0 (full 0):
 garbage-first heap   total 260096K, used 29696K [0x0000000080000000, 0x0000000100000000)
  region size 1024K, 24 young (24576K), 0 survivors (0K)
 Metaspace       used 9916K, capacity 10160K, committed 10368K, reserved 1058816K
  class space    used 1018K, capacity 1073K, committed 1152K, reserved 1048576K
}
Event: 0.552 GC heap after
{Heap after GC invocations=1 (full 0):
 garbage-first heap   total 260096K, used 9224K [0x0000000080000000, 0x0000000100000000)
  region size 1024K, 3 young (3072K), 3 survivors (3072K)
 Metaspace       used 9916K, capacity 10160K, committed 10368K, reserved 1058816K
  class space    used 1018K, capacity 1073K, committed 1152K, reserved 1048576K
}
Event: 2.194 GC heap before
{Heap before GC invocations=1 (full 0):
 garbage-first heap   total 260096K, used 117768K [0x0000000080000000, 0x0000000100000000)
  region size 1024K, 109 young (111616K), 3 survivors (3072K)
 Metaspace       used 20555K, capacity 21088K, committed 21248K, reserved 1067008K
  class space    used 2503K, capacity 2690K, committed 2816K, reserved 1048576K
}
Event: 2.203 GC heap after
{Heap after GC invocations=2 (full 0):
 garbage-first heap   total 260096K, used 16873K [0x0000000080000000, 0x0000000100000000)
  region size 1024K, 11 young (11264K), 11 survivors (11264K)
 Metaspace       used 20555K, capacity 21088K, committed 21248K, reserved 1067008K
  class space    used 2503K, capacity 2690K, committed 2816K, reserved 1048576K
}
Event: 2.922 GC heap before
{Heap before GC invocations=3 (full 0):
 garbage-first heap   total 260096K, used 87529K [0x0000000080000000, 0x0000000100000000)
  region size 1024K, 80 young (81920K), 11 survivors (11264K)
 Metaspace       used 27148K, capacity 27863K, committed 27904K, reserved 1073152K
  class space    used 3585K, capacity 3827K, committed 3840K, reserved 1048576K
}
Event: 2.930 GC heap after
{Heap after GC invocations=4 (full 0):
 garbage-first heap   total 260096K, used 19327K [0x0000000080000000, 0x0000000100000000)
  region size 1024K, 3 young (3072K), 3 survivors (3072K)
 Metaspace       used 27148K, capacity 27863K, committed 27904K, reserved 1073152K
  class space    used 3585K, capacity 3827K, committed 3840K, reserved 1048576K
}
Event: 3.475 GC heap before
{Heap before GC invocations=4 (full 0):
 garbage-first heap   total 260096K, used 61311K [0x0000000080000000, 0x0000000100000000)
  region size 1024K, 46 young (47104K), 3 survivors (3072K)
 Metaspace       used 35044K, capacity 35790K, committed 35840K, reserved 1081344K
  class space    used 4539K, capacity 4832K, committed 4864K, reserved 1048576K
}
Event: 3.483 GC heap after
{Heap after GC invocations=5 (full 0):
 garbage-first heap   total 260096K, used 22013K [0x0000000080000000, 0x0000000100000000)
  region size 1024K, 6 young (6144K), 6 survivors (6144K)
 Metaspace       used 35044K, capacity 35790K, committed 35840K, reserved 1081344K
  class space    used 4539K, capacity 4832K, committed 4864K, reserved 1048576K
}
Event: 4.697 GC heap before
{Heap before GC invocations=6 (full 0):
 garbage-first heap   total 260096K, used 142845K [0x0000000080000000, 0x0000000100000000)
  region size 1024K, 121 young (123904K), 6 survivors (6144K)
 Metaspace       used 44308K, capacity 45353K, committed 45568K, reserved 1089536K
  class space    used 5682K, capacity 6070K, committed 6144K, reserved 1048576K
}
Event: 4.706 GC heap after
{Heap after GC invocations=7 (full 0):
 garbage-first heap   total 260096K, used 29134K [0x0000000080000000, 0x0000000100000000)
  region size 1024K, 13 young (13312K), 13 survivors (13312K)
 Metaspace       used 44308K, capacity 45353K, committed 45568K, reserved 1089536K
  class space    used 5682K, capacity 6070K, committed 6144K, reserved 1048576K
}
Event: 6.754 GC heap before
{Heap before GC invocations=7 (full 0):
 garbage-first heap   total 260096K, used 169422K [0x0000000080000000, 0x0000000100000000)
  region size 1024K, 142 young (145408K), 13 survivors (13312K)
 Metaspace       used 55893K, capacity 57362K, committed 57600K, reserved 1099776K
  class space    used 7060K, capacity 7572K, committed 7680K, reserved 1048576K
}
Event: 6.767 GC heap after
{Heap after GC invocations=8 (full 0):
 garbage-first heap   total 260096K, used 48637K [0x0000000080000000, 0x0000000100000000)
  region size 1024K, 18 young (18432K), 18 survivors (18432K)
 Metaspace       used 55893K, capacity 57362K, committed 57600K, reserved 1099776K
  class space    used 7060K, capacity 7572K, committed 7680K, reserved 1048576K
}
Event: 7.034 GC heap before
{Heap before GC invocations=8 (full 0):
 garbage-first heap   total 260096K, used 66045K [0x0000000080000000, 0x0000000100000000)
  region size 1024K, 36 young (36864K), 18 survivors (18432K)
 Metaspace       used 58576K, capacity 60079K, committed 60160K, reserved 1101824K
  class space    used 7417K, capacity 7989K, committed 8064K, reserved 1048576K
}
Event: 7.056 GC heap after
{Heap after GC invocations=9 (full 0):
 garbage-first heap   total 260096K, used 51564K [0x0000000080000000, 0x0000000100000000)
  region size 1024K, 3 young (3072K), 3 survivors (3072K)
 Metaspace       used 58576K, capacity 60079K, committed 60160K, reserved 1101824K
  class space    used 7417K, capacity 7989K, committed 8064K, reserved 1048576K
}
Event: 7.933 GC heap before
{Heap before GC invocations=10 (full 0):
 garbage-first heap   total 260096K, used 139628K [0x0000000080000000, 0x0000000100000000)
  region size 1024K, 89 young (91136K), 3 survivors (3072K)
 Metaspace       used 65825K, capacity 67406K, committed 67584K, reserved 1107968K
  class space    used 8342K, capacity 8941K, committed 8960K, reserved 1048576K
}
Event: 7.941 GC heap after
{Heap after GC invocations=11 (full 0):
 garbage-first heap   total 260096K, used 56575K [0x0000000080000000, 0x0000000100000000)
  region size 1024K, 8 young (8192K), 8 survivors (8192K)
 Metaspace       used 65825K, capacity 67406K, committed 67584K, reserved 1107968K
  class space    used 8342K, capacity 8941K, committed 8960K, reserved 1048576K
}
Event: 12.351 GC heap before
{Heap before GC invocations=12 (full 0):
 garbage-first heap   total 260096K, used 150783K [0x0000000080000000, 0x0000000100000000)
  region size 1024K, 100 young (102400K), 8 survivors (8192K)
 Metaspace       used 74501K, capacity 76142K, committed 76288K, reserved 1116160K
  class space    used 9597K, capacity 10198K, committed 10240K, reserved 1048576K
}
Event: 12.361 GC heap after
{Heap after GC invocations=13 (full 0):
 garbage-first heap   total 260096K, used 62993K [0x0000000080000000, 0x0000000100000000)
  region size 1024K, 13 young (13312K), 13 survivors (13312K)
 Metaspace       used 74501K, capacity 76142K, committed 76288K, reserved 1116160K
  class space    used 9597K, capacity 10198K, committed 10240K, reserved 1048576K
}

Deoptimization events (20 events):
Event: 19.862 Thread 0x000001e363d84000 Uncommon trap: trap_request=0xffffffc6 fr.pc=0x000001e353aa1b04 relative=0x0000000000000424
Event: 19.862 Thread 0x000001e363d84000 Uncommon trap: reason=bimorphic_or_optimized_type_check action=maybe_recompile pc=0x000001e353aa1b04 method=java.util.Collections$SetFromMap.remove(Ljava/lang/Object;)Z @ 5 c2
Event: 19.862 Thread 0x000001e363d84000 DEOPT PACKING pc=0x000001e353aa1b04 sp=0x0000007d9abfed70
Event: 19.862 Thread 0x000001e363d84000 DEOPT UNPACKING pc=0x000001e34bd478af sp=0x0000007d9abfed68 mode 2
Event: 19.873 Thread 0x000001e363d84800 Uncommon trap: trap_request=0xffffffc6 fr.pc=0x000001e353bea500 relative=0x0000000000000680
Event: 19.873 Thread 0x000001e363d84800 Uncommon trap: reason=bimorphic_or_optimized_type_check action=maybe_recompile pc=0x000001e353bea500 method=java.util.Arrays.binarySearch0([Ljava/lang/Object;IILjava/lang/Object;Ljava/util/Comparator;)I @ 48 c2
Event: 19.873 Thread 0x000001e363d84800 DEOPT PACKING pc=0x000001e353bea500 sp=0x0000007d9adfe250
Event: 19.873 Thread 0x000001e363d84800 DEOPT UNPACKING pc=0x000001e34bd478af sp=0x0000007d9adfe1d0 mode 2
Event: 19.873 Thread 0x000001e363d84800 Uncommon trap: trap_request=0xffffffc6 fr.pc=0x000001e353bea500 relative=0x0000000000000680
Event: 19.873 Thread 0x000001e363d84800 Uncommon trap: reason=bimorphic_or_optimized_type_check action=maybe_recompile pc=0x000001e353bea500 method=java.util.Arrays.binarySearch0([Ljava/lang/Object;IILjava/lang/Object;Ljava/util/Comparator;)I @ 48 c2
Event: 19.873 Thread 0x000001e363d84800 DEOPT PACKING pc=0x000001e353bea500 sp=0x0000007d9adfe250
Event: 19.873 Thread 0x000001e363d84800 DEOPT UNPACKING pc=0x000001e34bd478af sp=0x0000007d9adfe1d0 mode 2
Event: 19.873 Thread 0x000001e363d84800 Uncommon trap: trap_request=0xffffffc6 fr.pc=0x000001e353bea500 relative=0x0000000000000680
Event: 19.873 Thread 0x000001e363d84800 Uncommon trap: reason=bimorphic_or_optimized_type_check action=maybe_recompile pc=0x000001e353bea500 method=java.util.Arrays.binarySearch0([Ljava/lang/Object;IILjava/lang/Object;Ljava/util/Comparator;)I @ 48 c2
Event: 19.873 Thread 0x000001e363d84800 DEOPT PACKING pc=0x000001e353bea500 sp=0x0000007d9adfe250
Event: 19.873 Thread 0x000001e363d84800 DEOPT UNPACKING pc=0x000001e34bd478af sp=0x0000007d9adfe1d0 mode 2
Event: 19.873 Thread 0x000001e363d84800 Uncommon trap: trap_request=0xffffffc6 fr.pc=0x000001e353bea500 relative=0x0000000000000680
Event: 19.873 Thread 0x000001e363d84800 Uncommon trap: reason=bimorphic_or_optimized_type_check action=maybe_recompile pc=0x000001e353bea500 method=java.util.Arrays.binarySearch0([Ljava/lang/Object;IILjava/lang/Object;Ljava/util/Comparator;)I @ 48 c2
Event: 19.873 Thread 0x000001e363d84800 DEOPT PACKING pc=0x000001e353bea500 sp=0x0000007d9adfe250
Event: 19.873 Thread 0x000001e363d84800 DEOPT UNPACKING pc=0x000001e34bd478af sp=0x0000007d9adfe1d0 mode 2

Classes redefined (0 events):
No events

Internal exceptions (20 events):
Event: 15.985 Thread 0x000001e3630f2000 Exception <a 'java/lang/NoSuchMethodError'{0x000000008e03c9e8}: 'int java.lang.invoke.DirectMethodHandle$Holder.invokeStatic(java.lang.Object, java.lang.Object, int, java.lang.Object)'> (0x000000008e03c9e8) thrown at [./src/hotspot/share/interpreter/linkResolver.cpp, line 773]
Event: 15.985 Thread 0x000001e3630f2000 Exception <a 'java/lang/NoSuchMethodError'{0x000000008e043890}: 'java.lang.Object java.lang.invoke.Invokers$Holder.linkToTargetMethod(java.lang.Object, int, java.lang.Object)'> (0x000000008e043890) thrown at [./src/hotspot/share/interpreter/linkResolver.cpp, line 773]
Event: 16.698 Thread 0x000001e3630f2000 Exception <a 'sun/nio/fs/WindowsException'{0x000000008df462e8}> (0x000000008df462e8) thrown at [./src/hotspot/share/prims/jni.cpp, line 615]
Event: 16.698 Thread 0x000001e3630f2000 Exception <a 'sun/nio/fs/WindowsException'{0x000000008df47410}> (0x000000008df47410) thrown at [./src/hotspot/share/prims/jni.cpp, line 615]
Event: 16.698 Thread 0x000001e3630f2000 Exception <a 'sun/nio/fs/WindowsException'{0x000000008df48570}> (0x000000008df48570) thrown at [./src/hotspot/share/prims/jni.cpp, line 615]
Event: 16.698 Thread 0x000001e3630f2000 Exception <a 'sun/nio/fs/WindowsException'{0x000000008df496d0}> (0x000000008df496d0) thrown at [./src/hotspot/share/prims/jni.cpp, line 615]
Event: 18.067 Thread 0x000001e3630f2000 Implicit null exception at 0x000001e353cdb35b to 0x000001e353ce2b18
Event: 18.603 Thread 0x000001e3630f2000 Exception <a 'java/lang/NoSuchMethodError'{0x000000008c50b1a0}: 'java.lang.Object java.lang.invoke.Invokers$Holder.linkToTargetMethod(java.lang.Object, int, int, java.lang.Object)'> (0x000000008c50b1a0) thrown at [./src/hotspot/share/interpreter/linkResolver.cpp, line 773]
Event: 19.808 Thread 0x000001e36664d800 Exception <a 'java/lang/NoSuchMethodError'{0x000000008b937888}: <clinit>> (0x000000008b937888) thrown at [./src/hotspot/share/prims/jni.cpp, line 1362]
Event: 19.809 Thread 0x000001e36664d800 Exception <a 'java/lang/NoSuchMethodError'{0x000000008b940f08}: <clinit>> (0x000000008b940f08) thrown at [./src/hotspot/share/prims/jni.cpp, line 1362]
Event: 19.813 Thread 0x000001e36664d800 Exception <a 'java/lang/NoSuchMethodError'{0x000000008b9930d8}: <clinit>> (0x000000008b9930d8) thrown at [./src/hotspot/share/prims/jni.cpp, line 1362]
Event: 19.815 Thread 0x000001e36664d800 Exception <a 'java/lang/NoSuchMethodError'{0x000000008b9d4fa8}: <clinit>> (0x000000008b9d4fa8) thrown at [./src/hotspot/share/prims/jni.cpp, line 1362]
Event: 19.816 Thread 0x000001e36664d800 Exception <a 'java/lang/NoSuchMethodError'{0x000000008b9d6280}: <clinit>> (0x000000008b9d6280) thrown at [./src/hotspot/share/prims/jni.cpp, line 1362]
Event: 19.839 Thread 0x000001e3660ba800 Exception <a 'java/lang/NoSuchMethodError'{0x000000008b664728}: <clinit>> (0x000000008b664728) thrown at [./src/hotspot/share/prims/jni.cpp, line 1362]
Event: 19.843 Thread 0x000001e3660ba800 Exception <a 'java/lang/NoSuchMethodError'{0x000000008b679378}: <clinit>> (0x000000008b679378) thrown at [./src/hotspot/share/prims/jni.cpp, line 1362]
Event: 19.844 Thread 0x000001e3660ba800 Exception <a 'java/lang/NoSuchMethodError'{0x000000008b692600}: <clinit>> (0x000000008b692600) thrown at [./src/hotspot/share/prims/jni.cpp, line 1362]
Event: 19.863 Thread 0x000001e36664d800 Exception <a 'java/lang/NoSuchMethodError'{0x000000008b467270}: <clinit>> (0x000000008b467270) thrown at [./src/hotspot/share/prims/jni.cpp, line 1362]
Event: 19.887 Thread 0x000001e363d84000 Exception <a 'java/lang/NoSuchMethodError'{0x000000008b35cea8}: 'java.lang.Object java.lang.invoke.Invokers$Holder.linkToTargetMethod(java.lang.Object, java.lang.Object, java.lang.Object, int, java.lang.Object, java.lang.Object)'> (0x000000008b35cea8) thrown at [./src/hotspot/share/interpreter/linkResolver.cpp, line 773]
Event: 19.898 Thread 0x000001e363d84000 Exception <a 'java/lang/IncompatibleClassChangeError'{0x000000008b3bf298}: Found class java.lang.Object, but interface was expected> (0x000000008b3bf298) thrown at [./src/hotspot/share/interpreter/linkResolver.cpp, line 839]
Event: 19.917 Thread 0x000001e363d84000 Exception <a 'java/lang/NoSuchMethodError'{0x000000008b1a1338}: 'int java.lang.invoke.DirectMethodHandle$Holder.invokeStaticInit(java.lang.Object, java.lang.Object, java.lang.Object, java.lang.Object, java.lang.Object)'> (0x000000008b1a1338) thrown at [./src/hotspot/share/interpreter/linkResolver.cpp, line 773]

Events (20 events):
Event: 20.048 loading class org/gradle/internal/component/model/AttributeSelectionUtils
Event: 20.048 loading class org/gradle/internal/component/model/AttributeSelectionUtils done
Event: 20.049 loading class org/gradle/internal/component/model/DefaultMultipleCandidateResult
Event: 20.049 loading class org/gradle/internal/component/model/DefaultMultipleCandidateResult done
Event: 20.054 loading class org/gradle/api/internal/artifacts/repositories/resolver/DirectDependenciesMetadataAdapter
Event: 20.054 loading class org/gradle/api/internal/artifacts/repositories/resolver/DirectDependenciesMetadataAdapter done
Event: 20.055 loading class org/gradle/api/internal/artifacts/repositories/resolver/AbstractDependenciesMetadataAdapter
Event: 20.055 loading class org/gradle/api/internal/artifacts/repositories/resolver/AbstractDependenciesMetadataAdapter done
Event: 20.062 loading class org/gradle/api/artifacts/DirectDependenciesMetadata
Event: 20.062 loading class org/gradle/api/artifacts/DirectDependenciesMetadata done
Event: 20.064 loading class org/gradle/api/internal/artifacts/repositories/resolver/DirectDependencyMetadataAdapter
Event: 20.064 loading class org/gradle/api/internal/artifacts/repositories/resolver/DirectDependencyMetadataAdapter done
Event: 20.067 loading class org/gradle/api/internal/artifacts/repositories/resolver/AbstractDependencyMetadataAdapter
Event: 20.067 loading class org/gradle/api/internal/artifacts/repositories/resolver/AbstractDependencyMetadataAdapter done
Event: 20.069 loading class org/gradle/internal/component/external/model/ivy/IvyDependencyDescriptor
Event: 20.069 loading class org/gradle/internal/component/external/model/ivy/IvyDependencyDescriptor done
Event: 20.072 loading class org/gradle/api/artifacts/DirectDependencyMetadata
Event: 20.072 loading class org/gradle/api/artifacts/DirectDependencyMetadata done
Event: 20.073 loading class com/android/build/gradle/internal/dependency/AndroidXDependencySubstitution$replaceOldSupportLibraries$1$1$1$2
Event: 20.073 loading class com/android/build/gradle/internal/dependency/AndroidXDependencySubstitution$replaceOldSupportLibraries$1$1$1$2 done


Dynamic libraries:
0x00007ff7d4700000 - 0x00007ff7d470a000 	C:\Program Files\Android\Android Studio\jre\bin\java.exe
0x00007ffed0d10000 - 0x00007ffed0f05000 	C:\Windows\SYSTEM32\ntdll.dll
0x00007ffed0c10000 - 0x00007ffed0cce000 	C:\Windows\System32\KERNEL32.DLL
0x00007ffece990000 - 0x00007ffecec58000 	C:\Windows\System32\KERNELBASE.dll
0x00007ffece540000 - 0x00007ffece640000 	C:\Windows\System32\ucrtbase.dll
0x00007ffeb52b0000 - 0x00007ffeb52c9000 	C:\Program Files\Android\Android Studio\jre\bin\jli.dll
0x00007ffec8d20000 - 0x00007ffec8d37000 	C:\Program Files\Android\Android Studio\jre\bin\VCRUNTIME140.dll
0x00007ffecfc20000 - 0x00007ffecfdc0000 	C:\Windows\System32\USER32.dll
0x00007ffebad90000 - 0x00007ffebb02a000 	C:\Windows\WinSxS\amd64_microsoft.windows.common-controls_6595b64144ccf1df_6.0.19041.1110_none_60b5254171f9507e\COMCTL32.dll
0x00007ffece7a0000 - 0x00007ffece7c2000 	C:\Windows\System32\win32u.dll
0x00007ffecf570000 - 0x00007ffecf60e000 	C:\Windows\System32\msvcrt.dll
0x00007ffed0650000 - 0x00007ffed067a000 	C:\Windows\System32\GDI32.dll
0x00007ffecec60000 - 0x00007ffeced6b000 	C:\Windows\System32\gdi32full.dll
0x00007ffece430000 - 0x00007ffece4cd000 	C:\Windows\System32\msvcp_win.dll
0x00007ffecfef0000 - 0x00007ffecff20000 	C:\Windows\System32\IMM32.DLL
0x00007ffea6470000 - 0x00007ffea650d000 	C:\Program Files\Android\Android Studio\jre\bin\msvcp140.dll
0x00007ffe58d20000 - 0x00007ffe597ef000 	C:\Program Files\Android\Android Studio\jre\bin\server\jvm.dll
0x00007ffed0370000 - 0x00007ffed041e000 	C:\Windows\System32\ADVAPI32.dll
0x00007ffecf680000 - 0x00007ffecf71c000 	C:\Windows\System32\sechost.dll
0x00007ffecfdc0000 - 0x00007ffecfee5000 	C:\Windows\System32\RPCRT4.dll
0x00007ffecf670000 - 0x00007ffecf678000 	C:\Windows\System32\PSAPI.DLL
0x00007ffebd350000 - 0x00007ffebd377000 	C:\Windows\SYSTEM32\WINMM.dll
0x00007ffec8350000 - 0x00007ffec835a000 	C:\Windows\SYSTEM32\VERSION.dll
0x00007ffeb8090000 - 0x00007ffeb8099000 	C:\Windows\SYSTEM32\WSOCK32.dll
0x00007ffecffa0000 - 0x00007ffed000b000 	C:\Windows\System32\WS2_32.dll
0x00007ffeccca0000 - 0x00007ffecccb2000 	C:\Windows\SYSTEM32\kernel.appcore.dll
0x00007ffe92820000 - 0x00007ffe92831000 	C:\Program Files\Android\Android Studio\jre\bin\verify.dll
0x00007ffecc210000 - 0x00007ffecc3f4000 	C:\Windows\SYSTEM32\DBGHELP.DLL
0x00007ffeb8510000 - 0x00007ffeb853c000 	C:\Windows\SYSTEM32\dbgcore.DLL
0x00007ffece800000 - 0x00007ffece882000 	C:\Windows\System32\bcryptPrimitives.dll
0x00007ffe8b5a0000 - 0x00007ffe8b5c9000 	C:\Program Files\Android\Android Studio\jre\bin\java.dll
0x00007ffe92d00000 - 0x00007ffe92d0b000 	C:\Program Files\Android\Android Studio\jre\bin\jimage.dll
0x00007ffe8e340000 - 0x00007ffe8e358000 	C:\Program Files\Android\Android Studio\jre\bin\zip.dll
0x00007ffeced70000 - 0x00007ffecf4b4000 	C:\Windows\System32\SHELL32.dll
0x00007ffecc4f0000 - 0x00007ffeccc84000 	C:\Windows\SYSTEM32\windows.storage.dll
0x00007ffed0010000 - 0x00007ffed0364000 	C:\Windows\System32\combase.dll
0x00007ffecdea0000 - 0x00007ffecdecc000 	C:\Windows\SYSTEM32\Wldp.dll
0x00007ffed09c0000 - 0x00007ffed0a6d000 	C:\Windows\System32\SHCORE.dll
0x00007ffed0880000 - 0x00007ffed08d5000 	C:\Windows\System32\shlwapi.dll
0x00007ffece370000 - 0x00007ffece38f000 	C:\Windows\SYSTEM32\profapi.dll
0x00007ffe8e2e0000 - 0x00007ffe8e2fa000 	C:\Program Files\Android\Android Studio\jre\bin\net.dll
0x00007ffec61e0000 - 0x00007ffec62ea000 	C:\Windows\SYSTEM32\WINHTTP.dll
0x00007ffecdbb0000 - 0x00007ffecdc1a000 	C:\Windows\system32\mswsock.dll
0x00007ffe86b50000 - 0x00007ffe86b64000 	C:\Program Files\Android\Android Studio\jre\bin\nio.dll
0x00007ffe5d700000 - 0x00007ffe5d727000 	C:\Users\yassine derbel\.gradle\wrapper\dists\gradle-7.0.2-bin\857tjihv64xamwrf0h14cai3r\gradle-7.0.2\native\8bec1ad78214c89d9ad589b4d07fe93259594b29d510b10fafb7a158f7737e5d\windows-amd64\native-platform.dll
0x00007ffe5a8d0000 - 0x00007ffe5aa0d000 	C:\Users\yassine derbel\.gradle\wrapper\dists\gradle-7.0.2-bin\857tjihv64xamwrf0h14cai3r\gradle-7.0.2\native\53dbd7edfb1c66fb8903c78663c9afc45aea4f116125fa6feffd364cf09443e8\windows-amd64\native-platform-file-events.dll
0x00007ffe91720000 - 0x00007ffe9172a000 	C:\Program Files\Android\Android Studio\jre\bin\management.dll
0x00007ffe8eac0000 - 0x00007ffe8eacc000 	C:\Program Files\Android\Android Studio\jre\bin\management_ext.dll
0x00007ffecddd0000 - 0x00007ffecdde8000 	C:\Windows\SYSTEM32\CRYPTSP.dll
0x00007ffecd4d0000 - 0x00007ffecd504000 	C:\Windows\system32\rsaenh.dll
0x00007ffece7d0000 - 0x00007ffece7f7000 	C:\Windows\System32\bcrypt.dll
0x00007ffece2f0000 - 0x00007ffece31e000 	C:\Windows\SYSTEM32\USERENV.dll
0x00007ffecddf0000 - 0x00007ffecddfc000 	C:\Windows\SYSTEM32\CRYPTBASE.dll
0x00007ffecd870000 - 0x00007ffecd8ab000 	C:\Windows\SYSTEM32\IPHLPAPI.DLL
0x00007ffecff20000 - 0x00007ffecff28000 	C:\Windows\System32\NSI.dll
0x00007ffec7a90000 - 0x00007ffec7aa7000 	C:\Windows\SYSTEM32\dhcpcsvc6.DLL
0x00007ffec7a70000 - 0x00007ffec7a8d000 	C:\Windows\SYSTEM32\dhcpcsvc.DLL
0x00007ffecd8b0000 - 0x00007ffecd97b000 	C:\Windows\SYSTEM32\DNSAPI.dll

dbghelp: loaded successfully - version: 4.0.5 - missing functions: none
symbol engine: initialized successfully - sym options: 0x614 - pdb path: .;C:\Program Files\Android\Android Studio\jre\bin;C:\Windows\SYSTEM32;C:\Windows\WinSxS\amd64_microsoft.windows.common-controls_6595b64144ccf1df_6.0.19041.1110_none_60b5254171f9507e;C:\Program Files\Android\Android Studio\jre\bin\server;C:\Users\yassine derbel\.gradle\wrapper\dists\gradle-7.0.2-bin\857tjihv64xamwrf0h14cai3r\gradle-7.0.2\native\8bec1ad78214c89d9ad589b4d07fe93259594b29d510b10fafb7a158f7737e5d\windows-amd64;C:\Users\yassine derbel\.gradle\wrapper\dists\gradle-7.0.2-bin\857tjihv64xamwrf0h14cai3r\gradle-7.0.2\native\53dbd7edfb1c66fb8903c78663c9afc45aea4f116125fa6feffd364cf09443e8\windows-amd64

VM Arguments:
jvm_args: --add-opens=java.base/java.util=ALL-UNNAMED --add-opens=java.base/java.lang=ALL-UNNAMED --add-opens=java.base/java.lang.invoke=ALL-UNNAMED --add-opens=java.base/java.util=ALL-UNNAMED --add-opens=java.prefs/java.util.prefs=ALL-UNNAMED --add-opens=java.prefs/java.util.prefs=ALL-UNNAMED --add-opens=java.base/java.nio.charset=ALL-UNNAMED --add-opens=java.base/java.net=ALL-UNNAMED --add-opens=java.base/java.util.concurrent.atomic=ALL-UNNAMED -Xmx2048m -Dfile.encoding=UTF-8 -Duser.country=FR -Duser.language=fr -Duser.variant 
java_command: org.gradle.launcher.daemon.bootstrap.GradleDaemon 7.0.2
java_class_path (initial): C:\Users\yassine derbel\.gradle\wrapper\dists\gradle-7.0.2-bin\857tjihv64xamwrf0h14cai3r\gradle-7.0.2\wrapper\dists\gradle-7.0.2-bin\857tjihv64xamwrf0h14cai3r\gradle-7.0.2\lib\gradle-launcher-7.0.2.jar
Launcher Type: SUN_STANDARD

[Global flags]
     intx CICompilerCount                          = 4                                         {product} {ergonomic}
     uint ConcGCThreads                            = 2                                         {product} {ergonomic}
     uint G1ConcRefinementThreads                  = 8                                         {product} {ergonomic}
   size_t G1HeapRegionSize                         = 1048576                                   {product} {ergonomic}
    uintx GCDrainStackTargetSize                   = 64                                        {product} {ergonomic}
   size_t InitialHeapSize                          = 266338304                                 {product} {ergonomic}
   size_t MarkStackSize                            = 4194304                                   {product} {ergonomic}
   size_t MaxHeapSize                              = 2147483648                                {product} {command line}
   size_t MaxNewSize                               = 1287651328                                {product} {ergonomic}
   size_t MinHeapDeltaBytes                        = 1048576                                   {product} {ergonomic}
    uintx NonNMethodCodeHeapSize                   = 5836300                                {pd product} {ergonomic}
    uintx NonProfiledCodeHeapSize                  = 122910970                              {pd product} {ergonomic}
    uintx ProfiledCodeHeapSize                     = 122910970                              {pd product} {ergonomic}
    uintx ReservedCodeCacheSize                    = 251658240                              {pd product} {ergonomic}
     bool SegmentedCodeCache                       = true                                      {product} {ergonomic}
     bool UseCompressedClassPointers               = true                                 {lp64_product} {ergonomic}
     bool UseCompressedOops                        = true                                 {lp64_product} {ergonomic}
     bool UseG1GC                                  = true                                      {product} {ergonomic}
     bool UseLargePagesIndividualAllocation        = false                                  {pd product} {ergonomic}

Logging:
Log output configuration:
 #0: stdout all=warning uptime,level,tags
 #1: stderr all=off uptime,level,tags

Environment Variables:
PATH=C:\oraclexe\app\oracle\product\11.2.0\server\bin;;C:\Program Files (x86)\VMware\VMware Workstation\bin\;C:\Program Files\Common Files\Oracle\Java\javapath;C:\Program Files (x86)\Common Files\Intel\Shared Libraries\redist\intel64\compiler;C:\ProgramData\Oracle\Java\javapath;C:\Windows\system32;C:\Windows;C:\Windows\System32\Wbem;C:\Windows\System32\WindowsPowerShell\v1.0\;C:\Windows\System32\OpenSSH\;C:\Program Files (x86)\NVIDIA Corporation\PhysX\Common;C:\Program Files\NVIDIA Corporation\NVIDIA NvDLISR;C:\Program Files\Microsoft SQL Server\120\DTS\Binn\;C:\Program Files\Microsoft SQL Server\Client SDK\ODBC\110\Tools\Binn\;C:\Program Files (x86)\Microsoft SQL Server\120\Tools\Binn\;C:\Program Files\Microsoft SQL Server\120\Tools\Binn\;C:\Program Files\dotnet\;C:\Program Files\Microsoft SQL Server\130\Tools\Binn\;C:\Program Files\Microsoft SQL Server\Client SDK\ODBC\170\Tools\Binn\;C:\Program Files\Git\cmd;C:\Program Files\Java\jdk1.8.0_60\bin;C:\Program Files\nodejs\;C:\Program Files (x86)\Microsoft SQL Server\120\Tools\Binn\ManagementStudio\;C:\Program Files (x86)\Microsoft SQL Server\120\DTS\Binn\;C:\Users\yassine derbel\Downloads\flutter_windows_2.5.3-stable\flutter\bin;C:\Users\yassine derbel\AppData\Roaming\npm;C:\mongosh-1.1.4-win32-x64\mongosh-1.1.4-win32-x64\bin;C:\Program Files\Docker\Docker\resources\bin;C:\ProgramData\DockerDesktop\version-bin;C:\Users\yassine derbel\AppData\Local\Programs\Python\Python39;C:\Users\yassine derbel\AppData\Local\Programs\Python\Python39\Scripts;C:\Users\yassine derbel\AppData\Local\Microsoft\WindowsApps;C:\Users\yassine derbel\.dotnet\tools;C:\Users\yassine derbel\AppData\Local\Programs\Microsoft VS Code\bin;C:\Users\yassine derbel\AppData\Local\GitHubDesktop\bin;C:\Program Files\JetBrains\PyCharm Community Edition 2021.3.2\bin;
USERNAME=yassine derbel
OS=Windows_NT
PROCESSOR_IDENTIFIER=Intel64 Family 6 Model 165 Stepping 2, GenuineIntel



---------------  S Y S T E M  ---------------

OS: Windows 10 , 64 bit Build 19041 (10.0.19041.1645)
OS uptime: 0 days 14:56 hours
Hyper-V role detected

CPU:total 8 (initial active 8) (4 cores per cpu, 2 threads per core) family 6 model 165 stepping 2 microcode 0xc8, cmov, cx8, fxsr, mmx, sse, sse2, sse3, ssse3, sse4.1, sse4.2, popcnt, avx, avx2, aes, clmul, erms, 3dnowpref, lzcnt, ht, tsc, tscinvbit, bmi1, bmi2, adx, fma

Memory: 4k page, system-wide physical 16221M (383M free)
TotalPageFile size 33876M (AvailPageFile size 2M)
current process WorkingSet (physical memory assigned to process): 448M, peak: 448M
current process commit charge ("private bytes"): 533M, peak: 533M

vm_info: OpenJDK 64-Bit Server VM (11.0.10+0-b96-7249189) for windows-amd64 JRE (11.0.10+0-b96-7249189), built on Mar 31 2021 21:44:00 by "builder" with MS VC++ 14.0 (VS2015)

END.
